2025-06-23 10:45:25,563 - INFO     - root            - Sistema di logging configurato.
2025-06-23 10:45:25,564 - INFO     - root            - =====================================
2025-06-23 10:45:25,565 - INFO     - root            - ||   Avvio Safety Test Manager     ||
2025-06-23 10:45:25,567 - INFO     - root            - =====================================
2025-06-23 10:45:25,577 - INFO     - root            - Backup del database creato con successo: backups\verifiche_backup_2025-06-23_10-45-25.db.bak
2025-06-23 10:45:25,587 - INFO     - root            - Trovati 11 backup. Rimuovendo i 1 più vecchi.
2025-06-23 10:45:25,597 - INFO     - root            - Vecchio backup rimosso: backups\verifiche_backup_2025-06-20_16-27-47.db.bak
2025-06-23 10:45:25,601 - INFO     - root            - Profili caricati con successo dal file: ['Classe 1', 'Classe 2', 'Batteria']
2025-06-23 10:45:25,602 - INFO     - root            - Profili di verifica caricati con successo.
2025-06-23 10:45:27,510 - INFO     - root            - Connessione al database stabilita.
2025-06-23 10:45:27,529 - INFO     - root            - Connessione al database stabilita.
2025-06-23 10:45:27,560 - INFO     - root            - Connessione al database stabilita.
2025-06-23 10:45:35,577 - INFO     - root            - Connessione al database stabilita.
2025-06-23 10:45:38,239 - INFO     - root            - Connessione al database stabilita.
2025-06-23 10:45:39,896 - INFO     - root            - Connessione al database stabilita.
2025-06-23 10:46:06,479 - INFO     - root            - Connessione al database stabilita.
2025-06-23 10:46:06,481 - INFO     - root            - Connessione al database stabilita.
2025-06-23 10:46:06,486 - INFO     - root            - Connessione al database stabilita.
2025-06-23 10:47:23,192 - INFO     - root            - Connessione al database stabilita.
2025-06-23 10:47:23,198 - INFO     - root            - Connessione al database stabilita.
2025-06-23 10:47:23,202 - INFO     - root            - Connessione al database stabilita.
2025-06-23 10:47:46,420 - INFO     - root            - Sistema di logging configurato.
2025-06-23 10:47:46,420 - INFO     - root            - =====================================
2025-06-23 10:47:46,420 - INFO     - root            - ||   Avvio Safety Test Manager     ||
2025-06-23 10:47:46,420 - INFO     - root            - =====================================
2025-06-23 10:47:46,432 - INFO     - root            - Backup del database creato con successo: backups\verifiche_backup_2025-06-23_10-47-46.db.bak
2025-06-23 10:47:46,437 - INFO     - root            - Trovati 11 backup. Rimuovendo i 1 più vecchi.
2025-06-23 10:47:46,437 - INFO     - root            - Vecchio backup rimosso: backups\verifiche_backup_2025-06-20_16-31-09.db.bak
2025-06-23 10:47:46,443 - INFO     - root            - Profili caricati con successo dal file: ['Classe 1', 'Classe 2', 'Batteria']
2025-06-23 10:47:46,445 - INFO     - root            - Profili di verifica caricati con successo.
2025-06-23 10:47:47,709 - INFO     - root            - Connessione al database stabilita.
2025-06-23 10:47:47,719 - INFO     - root            - Connessione al database stabilita.
2025-06-23 10:47:47,724 - INFO     - root            - Connessione al database stabilita.
2025-06-23 10:47:50,741 - INFO     - root            - Connessione al database stabilita.
2025-06-23 10:47:57,552 - INFO     - root            - Connessione al database stabilita.
2025-06-23 10:47:59,613 - INFO     - root            - Connessione al database stabilita.
2025-06-23 10:48:02,876 - INFO     - root            - Connessione al database stabilita.
2025-06-23 10:48:02,881 - INFO     - root            - Connessione al database stabilita.
2025-06-23 10:48:02,884 - INFO     - root            - Connessione al database stabilita.
2025-06-23 10:52:46,789 - INFO     - root            - Connessione al database stabilita.
2025-06-23 10:52:46,794 - INFO     - root            - Connessione al database stabilita.
2025-06-23 10:52:46,800 - INFO     - root            - Connessione al database stabilita.
2025-06-23 10:52:58,924 - INFO     - root            - Sistema di logging configurato.
2025-06-23 10:52:58,924 - INFO     - root            - =====================================
2025-06-23 10:52:58,932 - INFO     - root            - ||   Avvio Safety Test Manager     ||
2025-06-23 10:52:58,935 - INFO     - root            - =====================================
2025-06-23 10:52:58,952 - INFO     - root            - Backup del database creato con successo: backups\verifiche_backup_2025-06-23_10-52-58.db.bak
2025-06-23 10:52:58,954 - INFO     - root            - Trovati 11 backup. Rimuovendo i 1 più vecchi.
2025-06-23 10:52:58,954 - INFO     - root            - Vecchio backup rimosso: backups\verifiche_backup_2025-06-20_16-34-13.db.bak
2025-06-23 10:52:58,961 - INFO     - root            - Profili caricati con successo dal file: ['Classe 1', 'Classe 2', 'Batteria']
2025-06-23 10:52:58,961 - INFO     - root            - Profili di verifica caricati con successo.
2025-06-23 10:53:00,197 - INFO     - root            - Connessione al database stabilita.
2025-06-23 10:53:00,197 - INFO     - root            - Connessione al database stabilita.
2025-06-23 10:53:00,210 - INFO     - root            - Connessione al database stabilita.
2025-06-23 10:53:02,825 - INFO     - root            - Connessione al database stabilita.
2025-06-23 10:53:05,442 - INFO     - root            - Connessione al database stabilita.
2025-06-23 10:53:07,038 - INFO     - root            - Connessione al database stabilita.
2025-06-23 10:53:13,026 - INFO     - root            - Connessione al database stabilita.
2025-06-23 10:53:13,026 - INFO     - root            - Connessione al database stabilita.
2025-06-23 10:53:13,032 - INFO     - root            - Connessione al database stabilita.
2025-06-23 15:20:46,231 - INFO     - root            - Sistema di logging configurato.
2025-06-23 15:20:46,233 - INFO     - root            - =====================================
2025-06-23 15:20:46,233 - INFO     - root            - ||   Avvio Safety Test Manager     ||
2025-06-23 15:20:46,234 - INFO     - root            - =====================================
2025-06-23 15:20:46,238 - INFO     - root            - Backup del database creato con successo: backups\verifiche_backup_2025-06-23_15-20-46.db.bak
2025-06-23 15:20:46,240 - INFO     - root            - Trovati 11 backup. Rimuovendo i 1 più vecchi.
2025-06-23 15:20:46,242 - INFO     - root            - Vecchio backup rimosso: backups\verifiche_backup_2025-06-20_16-42-57.db.bak
2025-06-23 15:20:46,244 - INFO     - root            - Profili caricati con successo dal file: ['Classe 1', 'Classe 2', 'Batteria']
2025-06-23 15:20:46,245 - INFO     - root            - Profili di verifica caricati con successo.
2025-06-23 15:20:46,417 - CRITICAL - root            - Errore critico durante l'avvio: Impossibile caricare i profili.
Traceback (most recent call last):
  File "d:\Desktop\PROGRAMMI\VERIFICHE ELETTRICHE V5\main.py", line 32, in <module>
    window = MainWindow()
             ^^^^^^^^^^^^
  File "d:\Desktop\PROGRAMMI\VERIFICHE ELETTRICHE V5\app\ui\main_window.py", line 39, in __init__
    self.create_left_panel()
    ^^^^^^^^^^^^^^^^^^^^^^
AttributeError: 'MainWindow' object has no attribute 'create_left_panel'
2025-06-23 15:23:36,667 - INFO     - root            - Sistema di logging configurato.
2025-06-23 15:23:36,669 - INFO     - root            - =====================================
2025-06-23 15:23:36,670 - INFO     - root            - ||   Avvio Safety Test Manager     ||
2025-06-23 15:23:36,670 - INFO     - root            - =====================================
2025-06-23 15:23:36,675 - INFO     - root            - Backup del database creato con successo: backups\verifiche_backup_2025-06-23_15-23-36.db.bak
2025-06-23 15:23:36,679 - INFO     - root            - Trovati 11 backup. Rimuovendo i 1 più vecchi.
2025-06-23 15:23:36,680 - INFO     - root            - Vecchio backup rimosso: backups\verifiche_backup_2025-06-20_16-45-22.db.bak
2025-06-23 15:23:36,682 - INFO     - root            - Profili caricati con successo dal file: ['Classe 1', 'Classe 2', 'Batteria']
2025-06-23 15:23:36,684 - INFO     - root            - Profili di verifica caricati con successo.
2025-06-23 15:23:36,704 - CRITICAL - root            - Errore critico durante l'avvio: Impossibile caricare i profili.
Traceback (most recent call last):
  File "d:\Desktop\PROGRAMMI\VERIFICHE ELETTRICHE V5\main.py", line 32, in <module>
    window = MainWindow()
             ^^^^^^^^^^^^
  File "d:\Desktop\PROGRAMMI\VERIFICHE ELETTRICHE V5\app\ui\main_window.py", line 32, in __init__
    self.create_menu_bar()
  File "d:\Desktop\PROGRAMMI\VERIFICHE ELETTRICHE V5\app\ui\main_window.py", line 184, in create_menu_bar
    restore_action.triggered.connect(self.restore_database)
                                     ^^^^^^^^^^^^^^^^^^^^^
AttributeError: 'MainWindow' object has no attribute 'restore_database'
2025-06-23 15:29:28,136 - INFO     - root            - Sistema di logging configurato.
2025-06-23 15:29:28,136 - INFO     - root            - =====================================
2025-06-23 15:29:28,136 - INFO     - root            - ||   Avvio Safety Test Manager     ||
2025-06-23 15:29:28,136 - INFO     - root            - =====================================
2025-06-23 15:29:28,142 - INFO     - root            - Backup del database creato con successo: backups\verifiche_backup_2025-06-23_15-29-28.db.bak
2025-06-23 15:29:28,145 - INFO     - root            - Trovati 11 backup. Rimuovendo i 1 più vecchi.
2025-06-23 15:29:28,146 - INFO     - root            - Vecchio backup rimosso: backups\verifiche_backup_2025-06-20_16-46-44.db.bak
2025-06-23 15:29:28,149 - INFO     - root            - Profili caricati con successo dal file: ['Classe 1', 'Classe 2', 'Batteria']
2025-06-23 15:29:28,149 - INFO     - root            - Profili di verifica caricati con successo.
2025-06-23 15:29:28,157 - CRITICAL - root            - Errore critico durante l'avvio: Impossibile caricare i profili.
Traceback (most recent call last):
  File "d:\Desktop\PROGRAMMI\VERIFICHE ELETTRICHE V5\main.py", line 32, in <module>
    window = MainWindow()
             ^^^^^^^^^^^^
  File "d:\Desktop\PROGRAMMI\VERIFICHE ELETTRICHE V5\app\ui\main_window.py", line 32, in __init__
    self.create_menu_bar()
  File "d:\Desktop\PROGRAMMI\VERIFICHE ELETTRICHE V5\app\ui\main_window.py", line 195, in create_menu_bar
    mti_manager_action.triggered.connect(self.open_instrument_manager)
                                         ^^^^^^^^^^^^^^^^^^^^^^^^^^^^
AttributeError: 'MainWindow' object has no attribute 'open_instrument_manager'
2025-06-23 15:30:03,703 - INFO     - root            - Sistema di logging configurato.
2025-06-23 15:30:03,704 - INFO     - root            - =====================================
2025-06-23 15:30:03,704 - INFO     - root            - ||   Avvio Safety Test Manager     ||
2025-06-23 15:30:03,704 - INFO     - root            - =====================================
2025-06-23 15:30:03,710 - INFO     - root            - Backup del database creato con successo: backups\verifiche_backup_2025-06-23_15-30-03.db.bak
2025-06-23 15:30:03,713 - INFO     - root            - Trovati 11 backup. Rimuovendo i 1 più vecchi.
2025-06-23 15:30:03,714 - INFO     - root            - Vecchio backup rimosso: backups\verifiche_backup_2025-06-20_16-54-31.db.bak
2025-06-23 15:30:03,715 - INFO     - root            - Profili caricati con successo dal file: ['Classe 1', 'Classe 2', 'Batteria']
2025-06-23 15:30:03,716 - INFO     - root            - Profili di verifica caricati con successo.
2025-06-23 15:30:03,781 - CRITICAL - root            - Errore critico durante l'avvio: Impossibile caricare i profili.
Traceback (most recent call last):
  File "d:\Desktop\PROGRAMMI\VERIFICHE ELETTRICHE V5\main.py", line 32, in <module>
    window = MainWindow()
             ^^^^^^^^^^^^
  File "d:\Desktop\PROGRAMMI\VERIFICHE ELETTRICHE V5\app\ui\main_window.py", line 41, in __init__
    self.create_left_panel()
  File "d:\Desktop\PROGRAMMI\VERIFICHE ELETTRICHE V5\app\ui\main_window.py", line 73, in create_left_panel
    db_button.clicked.connect(self.open_db_manager)
                              ^^^^^^^^^^^^^^^^^^^^
AttributeError: 'MainWindow' object has no attribute 'open_db_manager'
2025-06-23 15:37:01,251 - INFO     - root            - Sistema di logging configurato.
2025-06-23 15:37:01,251 - INFO     - root            - =====================================
2025-06-23 15:37:01,251 - INFO     - root            - ||   Avvio Safety Test Manager     ||
2025-06-23 15:37:01,251 - INFO     - root            - =====================================
2025-06-23 15:37:01,254 - INFO     - root            - Backup del database creato con successo: backups\verifiche_backup_2025-06-23_15-37-01.db.bak
2025-06-23 15:37:01,258 - INFO     - root            - Trovati 11 backup. Rimuovendo i 1 più vecchi.
2025-06-23 15:37:01,260 - INFO     - root            - Vecchio backup rimosso: backups\verifiche_backup_2025-06-20_16-58-35.db.bak
2025-06-23 15:37:01,262 - INFO     - root            - Profili caricati con successo dal file: ['Classe 1', 'Classe 2', 'Batteria']
2025-06-23 15:37:01,263 - INFO     - root            - Profili di verifica caricati con successo.
2025-06-23 15:37:01,283 - CRITICAL - root            - Errore critico durante l'avvio: Impossibile caricare i profili.
Traceback (most recent call last):
  File "d:\Desktop\PROGRAMMI\VERIFICHE ELETTRICHE V5\main.py", line 32, in <module>
    window = MainWindow()
             ^^^^^^^^^^^^
  File "d:\Desktop\PROGRAMMI\VERIFICHE ELETTRICHE V5\app\ui\main_window.py", line 33, in __init__
    self.create_menu_bar()
  File "d:\Desktop\PROGRAMMI\VERIFICHE ELETTRICHE V5\app\ui\main_window.py", line 174, in create_menu_bar
    mti_manager_action.triggered.connect(self.open_instrument_manager)
                                         ^^^^^^^^^^^^^^^^^^^^^^^^^^^^
AttributeError: 'MainWindow' object has no attribute 'open_instrument_manager'
2025-06-23 15:38:46,675 - INFO     - root            - Sistema di logging configurato.
2025-06-23 15:38:46,675 - INFO     - root            - =====================================
2025-06-23 15:38:46,675 - INFO     - root            - ||   Avvio Safety Test Manager     ||
2025-06-23 15:38:46,675 - INFO     - root            - =====================================
2025-06-23 15:38:46,675 - INFO     - root            - Backup del database creato con successo: backups\verifiche_backup_2025-06-23_15-38-46.db.bak
2025-06-23 15:38:46,685 - INFO     - root            - Trovati 11 backup. Rimuovendo i 1 più vecchi.
2025-06-23 15:38:46,687 - INFO     - root            - Vecchio backup rimosso: backups\verifiche_backup_2025-06-20_16-59-36.db.bak
2025-06-23 15:38:46,688 - INFO     - root            - Profili caricati con successo dal file: ['Classe 1', 'Classe 2', 'Batteria']
2025-06-23 15:38:46,689 - INFO     - root            - Profili di verifica caricati con successo.
2025-06-23 15:38:47,534 - INFO     - root            - Connessione al database stabilita.
2025-06-23 15:38:47,540 - INFO     - root            - Connessione al database stabilita.
2025-06-23 15:38:47,545 - INFO     - root            - Connessione al database stabilita.
2025-06-23 15:38:51,415 - INFO     - root            - Connessione al database stabilita.
2025-06-23 15:38:59,765 - INFO     - root            - Sessione impostata per il tecnico 'ELSON META' con lo strumento 'FLUKE ESA 612'
2025-06-23 15:39:02,568 - INFO     - root            - Connessione al database stabilita.
2025-06-23 15:39:09,364 - INFO     - root            - Connessione al database stabilita.
2025-06-23 15:39:09,373 - INFO     - root            - Connessione al database stabilita.
2025-06-23 15:41:49,446 - INFO     - root            - Sistema di logging configurato.
2025-06-23 15:41:49,446 - INFO     - root            - =====================================
2025-06-23 15:41:49,447 - INFO     - root            - ||   Avvio Safety Test Manager     ||
2025-06-23 15:41:49,448 - INFO     - root            - =====================================
2025-06-23 15:41:49,451 - INFO     - root            - Backup del database creato con successo: backups\verifiche_backup_2025-06-23_15-41-49.db.bak
2025-06-23 15:41:49,453 - INFO     - root            - Trovati 11 backup. Rimuovendo i 1 più vecchi.
2025-06-23 15:41:49,455 - INFO     - root            - Vecchio backup rimosso: backups\verifiche_backup_2025-06-20_17-01-28.db.bak
2025-06-23 15:41:49,456 - INFO     - root            - Profili caricati con successo dal file: ['Classe 1', 'Classe 2', 'Batteria']
2025-06-23 15:41:49,457 - INFO     - root            - Profili di verifica caricati con successo.
2025-06-23 15:41:50,045 - INFO     - root            - Connessione al database stabilita.
2025-06-23 15:41:50,045 - INFO     - root            - Connessione al database stabilita.
2025-06-23 15:41:50,053 - INFO     - root            - Connessione al database stabilita.
2025-06-23 15:41:52,627 - INFO     - root            - Connessione al database stabilita.
2025-06-23 15:41:53,843 - INFO     - root            - Sessione impostata per il tecnico 'ELSON META' con lo strumento 'FLUKE ESA 612'
2025-06-23 15:41:56,001 - INFO     - root            - Connessione al database stabilita.
2025-06-23 15:42:07,075 - INFO     - root            - Connessione al database stabilita.
2025-06-23 15:42:08,374 - INFO     - root            - Connessione al database stabilita.
2025-06-23 15:42:09,281 - INFO     - root            - Connessione al database stabilita.
2025-06-23 15:42:10,141 - INFO     - root            - Connessione al database stabilita.
2025-06-23 15:46:06,759 - INFO     - root            - Connessione al database stabilita.
2025-06-23 15:46:06,761 - INFO     - root            - Connessione al database stabilita.
2025-06-23 15:46:06,763 - INFO     - root            - Connessione al database stabilita.
2025-06-23 15:46:11,320 - INFO     - root            - Sistema di logging configurato.
2025-06-23 15:46:11,320 - INFO     - root            - =====================================
2025-06-23 15:46:11,320 - INFO     - root            - ||   Avvio Safety Test Manager     ||
2025-06-23 15:46:11,320 - INFO     - root            - =====================================
2025-06-23 15:46:11,320 - INFO     - root            - Backup del database creato con successo: backups\verifiche_backup_2025-06-23_15-46-11.db.bak
2025-06-23 15:46:11,329 - INFO     - root            - Trovati 11 backup. Rimuovendo i 1 più vecchi.
2025-06-23 15:46:11,333 - INFO     - root            - Vecchio backup rimosso: backups\verifiche_backup_2025-06-23_10-45-25.db.bak
2025-06-23 15:46:11,335 - INFO     - root            - Profili caricati con successo dal file: ['Classe 1', 'Classe 2', 'Batteria']
2025-06-23 15:46:11,336 - INFO     - root            - Profili di verifica caricati con successo.
2025-06-23 15:46:11,879 - INFO     - root            - Connessione al database stabilita.
2025-06-23 15:46:11,880 - INFO     - root            - Connessione al database stabilita.
2025-06-23 15:46:11,880 - INFO     - root            - Connessione al database stabilita.
2025-06-23 15:46:15,083 - INFO     - root            - Connessione al database stabilita.
2025-06-23 15:46:15,737 - INFO     - root            - Connessione al database stabilita.
2025-06-23 15:46:16,429 - INFO     - root            - Connessione al database stabilita.
2025-06-23 15:46:17,550 - INFO     - root            - Connessione al database stabilita.
2025-06-23 15:51:03,551 - INFO     - root            - Connessione al database stabilita.
2025-06-23 15:51:03,561 - INFO     - root            - Connessione al database stabilita.
2025-06-23 15:51:03,561 - INFO     - root            - Connessione al database stabilita.
2025-06-23 15:51:08,070 - INFO     - root            - Sistema di logging configurato.
2025-06-23 15:51:08,070 - INFO     - root            - =====================================
2025-06-23 15:51:08,070 - INFO     - root            - ||   Avvio Safety Test Manager     ||
2025-06-23 15:51:08,070 - INFO     - root            - =====================================
2025-06-23 15:51:08,080 - INFO     - root            - Backup del database creato con successo: backups\verifiche_backup_2025-06-23_15-51-08.db.bak
2025-06-23 15:51:08,080 - INFO     - root            - Trovati 11 backup. Rimuovendo i 1 più vecchi.
2025-06-23 15:51:08,086 - INFO     - root            - Vecchio backup rimosso: backups\verifiche_backup_2025-06-23_10-47-46.db.bak
2025-06-23 15:51:08,088 - INFO     - root            - Profili caricati con successo dal file: ['Classe 1', 'Classe 2', 'Batteria']
2025-06-23 15:51:08,089 - INFO     - root            - Profili di verifica caricati con successo.
2025-06-23 15:51:08,693 - INFO     - root            - Connessione al database stabilita.
2025-06-23 15:51:08,704 - INFO     - root            - Connessione al database stabilita.
2025-06-23 15:51:08,709 - INFO     - root            - Connessione al database stabilita.
2025-06-23 15:51:10,995 - INFO     - root            - Connessione al database stabilita.
2025-06-23 15:51:12,169 - INFO     - root            - Connessione al database stabilita.
2025-06-23 15:51:12,975 - INFO     - root            - Connessione al database stabilita.
2025-06-23 15:51:14,310 - INFO     - root            - Connessione al database stabilita.
2025-06-23 15:52:00,792 - INFO     - root            - Connessione al database stabilita.
2025-06-23 15:52:00,816 - INFO     - root            - Connessione al database stabilita.
2025-06-23 15:52:03,702 - INFO     - root            - Connessione al database stabilita.
2025-06-23 15:52:03,702 - INFO     - root            - Connessione al database stabilita.
2025-06-23 15:52:03,712 - INFO     - root            - Connessione al database stabilita.
2025-06-23 15:52:06,340 - INFO     - root            - Connessione al database stabilita.
2025-06-23 15:52:10,449 - INFO     - root            - Connessione al database stabilita.
2025-06-23 15:52:11,493 - INFO     - root            - Sessione impostata per il tecnico 'ELSON META' con lo strumento 'FLUKE ESA 612'
2025-06-23 15:52:16,346 - INFO     - root            - Connessione al database stabilita.
2025-06-23 15:52:16,346 - INFO     - root            - Connessione al database stabilita.
2025-06-23 15:53:00,682 - INFO     - root            - Connessione al database stabilita.
2025-06-23 15:53:00,688 - ERROR    - root            - Errore durante il salvataggio della verifica per il dispositivo ID 1
Traceback (most recent call last):
  File "d:\Desktop\PROGRAMMI\VERIFICHE ELETTRICHE V5\database.py", line 542, in save_verification
    conn.execute(
sqlite3.OperationalError: 10 values for 11 columns
2025-06-23 15:53:00,696 - INFO     - root            - Connessione al database stabilita.
2025-06-23 15:53:06,485 - INFO     - root            - Connessione al database stabilita.
2025-06-23 15:53:06,489 - INFO     - root            - Connessione al database stabilita.
2025-06-23 15:54:14,758 - INFO     - root            - Connessione al database stabilita.
2025-06-23 15:54:16,138 - INFO     - root            - Connessione al database stabilita.
2025-06-23 15:54:16,956 - INFO     - root            - Connessione al database stabilita.
2025-06-23 15:57:44,857 - INFO     - root            - Connessione al database stabilita.
2025-06-23 15:57:44,857 - INFO     - root            - Connessione al database stabilita.
2025-06-23 15:57:44,857 - INFO     - root            - Connessione al database stabilita.
2025-06-23 15:57:49,938 - INFO     - root            - Sistema di logging configurato.
2025-06-23 15:57:49,944 - INFO     - root            - =====================================
2025-06-23 15:57:49,944 - INFO     - root            - ||   Avvio Safety Test Manager     ||
2025-06-23 15:57:49,944 - INFO     - root            - =====================================
2025-06-23 15:57:49,948 - INFO     - root            - Backup del database creato con successo: backups\verifiche_backup_2025-06-23_15-57-49.db.bak
2025-06-23 15:57:49,951 - INFO     - root            - Trovati 11 backup. Rimuovendo i 1 più vecchi.
2025-06-23 15:57:49,952 - INFO     - root            - Vecchio backup rimosso: backups\verifiche_backup_2025-06-23_10-52-58.db.bak
2025-06-23 15:57:49,953 - INFO     - root            - Profili caricati con successo dal file: ['Classe 1', 'Classe 2', 'Batteria']
2025-06-23 15:57:49,954 - INFO     - root            - Profili di verifica caricati con successo.
2025-06-23 15:57:50,573 - INFO     - root            - Connessione al database stabilita.
2025-06-23 15:57:50,573 - INFO     - root            - Connessione al database stabilita.
2025-06-23 15:57:50,573 - INFO     - root            - Connessione al database stabilita.
2025-06-23 15:57:54,561 - INFO     - root            - Connessione al database stabilita.
2025-06-23 15:57:55,495 - INFO     - root            - Sessione impostata per il tecnico 'ELSON META' con lo strumento 'FLUKE ESA 612'
2025-06-23 15:57:56,901 - INFO     - root            - Connessione al database stabilita.
2025-06-23 15:58:02,970 - INFO     - root            - Connessione al database stabilita.
2025-06-23 15:58:02,970 - INFO     - root            - Connessione al database stabilita.
2025-06-23 15:58:20,586 - INFO     - root            - Connessione al database stabilita.
2025-06-23 15:58:20,604 - INFO     - root            - Verifica del 2025-06-23 salvata con successo per il dispositivo ID: 1
2025-06-23 15:58:20,616 - INFO     - root            - Connessione al database stabilita.
2025-06-23 15:59:13,335 - INFO     - root            - Connessione al database stabilita.
2025-06-23 15:59:14,740 - INFO     - root            - Connessione al database stabilita.
2025-06-23 15:59:15,507 - INFO     - root            - Connessione al database stabilita.
2025-06-23 15:59:17,602 - INFO     - root            - Connessione al database stabilita.
2025-06-23 15:59:17,612 - INFO     - root            - Connessione al database stabilita.
2025-06-23 15:59:17,612 - INFO     - root            - Connessione al database stabilita.
2025-06-23 15:59:22,626 - INFO     - root            - Connessione al database stabilita.
2025-06-23 15:59:22,626 - INFO     - root            - Connessione al database stabilita.
2025-06-23 15:59:22,626 - INFO     - root            - Connessione al database stabilita.
2025-06-23 15:59:51,380 - INFO     - root            - Connessione al database stabilita.
2025-06-23 15:59:52,861 - INFO     - root            - Connessione al database stabilita.
2025-06-23 15:59:53,542 - INFO     - root            - Connessione al database stabilita.
2025-06-23 15:59:57,726 - INFO     - root            - Connessione al database stabilita.
2025-06-23 16:00:24,241 - INFO     - root            - Connessione al database stabilita.
2025-06-23 16:00:32,345 - INFO     - root            - Connessione al database stabilita.
2025-06-23 16:00:32,378 - INFO     - root            - Connessione al database stabilita.
2025-06-23 16:00:34,228 - INFO     - root            - Connessione al database stabilita.
2025-06-23 16:00:35,217 - INFO     - root            - Connessione al database stabilita.
2025-06-23 16:01:16,012 - INFO     - root            - Connessione al database stabilita.
2025-06-23 16:01:16,012 - INFO     - root            - Connessione al database stabilita.
2025-06-23 16:01:16,022 - INFO     - root            - Connessione al database stabilita.
2025-06-23 16:11:08,560 - INFO     - root            - Sistema di logging configurato.
2025-06-23 16:11:08,560 - INFO     - root            - =====================================
2025-06-23 16:11:08,560 - INFO     - root            - ||   Avvio Safety Test Manager     ||
2025-06-23 16:11:08,569 - INFO     - root            - =====================================
2025-06-23 16:11:08,572 - INFO     - root            - Backup del database creato con successo: backups\verifiche_backup_2025-06-23_16-11-08.db.bak
2025-06-23 16:11:08,575 - INFO     - root            - Trovati 11 backup. Rimuovendo i 1 più vecchi.
2025-06-23 16:11:08,577 - INFO     - root            - Vecchio backup rimosso: backups\verifiche_backup_2025-06-23_15-20-46.db.bak
2025-06-23 16:11:08,580 - INFO     - root            - Profili caricati con successo dal file: ['Classe 1', 'Classe 2', 'Batteria']
2025-06-23 16:11:08,582 - INFO     - root            - Profili di verifica caricati con successo.
2025-06-23 16:11:09,398 - INFO     - root            - Connessione al database stabilita.
2025-06-23 16:11:09,398 - INFO     - root            - Connessione al database stabilita.
2025-06-23 16:11:09,408 - INFO     - root            - Connessione al database stabilita.
2025-06-23 16:11:11,283 - INFO     - root            - Connessione al database stabilita.
2025-06-23 16:11:12,034 - INFO     - root            - Connessione al database stabilita.
2025-06-23 16:11:12,759 - INFO     - root            - Connessione al database stabilita.
2025-06-23 16:11:19,001 - INFO     - root            - Connessione al database stabilita.
2025-06-23 16:11:19,001 - INFO     - root            - Connessione al database stabilita.
2025-06-23 16:11:19,001 - INFO     - root            - Connessione al database stabilita.
2025-06-23 16:13:53,222 - INFO     - root            - Connessione al database stabilita.
2025-06-23 16:13:53,222 - INFO     - root            - Connessione al database stabilita.
2025-06-23 16:13:53,232 - INFO     - root            - Connessione al database stabilita.
2025-06-23 16:14:41,894 - INFO     - root            - Sistema di logging configurato.
2025-06-23 16:14:41,895 - INFO     - root            - =====================================
2025-06-23 16:14:41,895 - INFO     - root            - ||   Avvio Safety Test Manager     ||
2025-06-23 16:14:41,896 - INFO     - root            - =====================================
2025-06-23 16:14:41,898 - INFO     - root            - Backup del database creato con successo: backups\verifiche_backup_2025-06-23_16-14-41.db.bak
2025-06-23 16:14:41,901 - INFO     - root            - Trovati 11 backup. Rimuovendo i 1 più vecchi.
2025-06-23 16:14:41,903 - INFO     - root            - Vecchio backup rimosso: backups\verifiche_backup_2025-06-23_15-23-36.db.bak
2025-06-23 16:14:41,904 - INFO     - root            - Profili caricati con successo dal file: ['Classe 1', 'Classe 2', 'Batteria']
2025-06-23 16:14:41,905 - INFO     - root            - Profili di verifica caricati con successo.
2025-06-23 16:14:42,418 - INFO     - root            - Connessione al database stabilita.
2025-06-23 16:14:42,418 - INFO     - root            - Connessione al database stabilita.
2025-06-23 16:14:42,418 - INFO     - root            - Connessione al database stabilita.
2025-06-23 16:14:44,334 - INFO     - root            - Connessione al database stabilita.
2025-06-23 16:14:44,988 - INFO     - root            - Connessione al database stabilita.
2025-06-23 16:14:45,765 - INFO     - root            - Connessione al database stabilita.
2025-06-23 16:14:50,110 - INFO     - root            - Connessione al database stabilita.
2025-06-23 16:14:50,110 - INFO     - root            - Connessione al database stabilita.
2025-06-23 16:14:50,110 - INFO     - root            - Connessione al database stabilita.
2025-06-23 16:15:23,544 - INFO     - root            - Connessione al database stabilita.
2025-06-23 16:15:23,544 - INFO     - root            - Connessione al database stabilita.
2025-06-23 16:15:23,544 - INFO     - root            - Connessione al database stabilita.
2025-06-23 16:18:33,418 - INFO     - root            - Sistema di logging configurato.
2025-06-23 16:18:33,419 - INFO     - root            - =====================================
2025-06-23 16:18:33,419 - INFO     - root            - ||   Avvio Safety Test Manager     ||
2025-06-23 16:18:33,421 - INFO     - root            - =====================================
2025-06-23 16:18:33,421 - INFO     - root            - Backup del database creato con successo: backups\verifiche_backup_2025-06-23_16-18-33.db.bak
2025-06-23 16:18:33,426 - INFO     - root            - Trovati 11 backup. Rimuovendo i 1 più vecchi.
2025-06-23 16:18:33,427 - INFO     - root            - Vecchio backup rimosso: backups\verifiche_backup_2025-06-23_15-29-28.db.bak
2025-06-23 16:18:33,428 - INFO     - root            - Profili caricati con successo dal file: ['Classe 1', 'Classe 2', 'Batteria']
2025-06-23 16:18:33,430 - INFO     - root            - Profili di verifica caricati con successo.
2025-06-23 16:18:33,932 - INFO     - root            - Connessione al database stabilita.
2025-06-23 16:18:33,937 - INFO     - root            - Connessione al database stabilita.
2025-06-23 16:18:33,937 - INFO     - root            - Connessione al database stabilita.
2025-06-23 16:18:36,114 - INFO     - root            - Connessione al database stabilita.
2025-06-23 16:18:36,996 - INFO     - root            - Connessione al database stabilita.
2025-06-23 16:18:37,681 - INFO     - root            - Connessione al database stabilita.
2025-06-23 16:18:39,742 - INFO     - root            - Connessione al database stabilita.
2025-06-23 16:18:39,742 - INFO     - root            - Connessione al database stabilita.
2025-06-23 16:18:39,742 - INFO     - root            - Connessione al database stabilita.
2025-06-23 16:19:02,672 - INFO     - root            - Connessione al database stabilita.
2025-06-23 16:19:02,672 - INFO     - root            - Connessione al database stabilita.
2025-06-23 16:19:02,682 - INFO     - root            - Connessione al database stabilita.
