2025-06-20 10:30:04,425 - INFO     - root            - Sistema di logging configurato.
2025-06-20 10:30:04,437 - INFO     - root            - =====================================
2025-06-20 10:30:04,441 - INFO     - root            - ||   Avvio Safety Test Manager     ||
2025-06-20 10:30:04,450 - INFO     - root            - =====================================
2025-06-20 10:30:04,467 - INFO     - root            - Backup del database creato con successo: backups\verifiche_backup_2025-06-20_10-30-04.db.bak
2025-06-20 10:30:04,486 - INFO     - root            - Trovati 11 backup. Rimuovendo i 1 più vecchi.
2025-06-20 10:30:04,505 - INFO     - root            - Vecchio backup rimosso: backups\verifiche_backup_2025-06-19_16-42-20.db.bak
2025-06-20 10:30:04,550 - INFO     - root            - Profili caricati con successo dal file: ['Classe 1', 'Classe 2', 'Batteria']
2025-06-20 10:30:04,568 - INFO     - root            - Profili di verifica caricati con successo.
2025-06-20 10:30:04,769 - INFO     - root            - Connessione al database stabilita.
2025-06-20 10:30:04,835 - INFO     - root            - Popolamento selettore con i seguenti profili: ['Classe 1', 'Classe 2', 'Batteria']
2025-06-20 10:30:05,607 - INFO     - root            - Connessione al database stabilita.
2025-06-20 10:30:09,149 - INFO     - root            - Connessione al database stabilita.
2025-06-20 10:30:11,114 - INFO     - root            - Connessione al database stabilita.
2025-06-20 10:30:12,574 - INFO     - root            - Connessione al database stabilita.
2025-06-20 10:38:22,874 - INFO     - root            - Connessione al database stabilita.
2025-06-20 10:38:22,874 - INFO     - root            - Connessione al database stabilita.
2025-06-20 11:25:56,651 - INFO     - root            - Sistema di logging configurato.
2025-06-20 11:25:56,651 - INFO     - root            - =====================================
2025-06-20 11:25:56,659 - INFO     - root            - ||   Avvio Safety Test Manager     ||
2025-06-20 11:25:56,659 - INFO     - root            - =====================================
2025-06-20 11:25:56,670 - INFO     - root            - Backup del database creato con successo: backups\verifiche_backup_2025-06-20_11-25-56.db.bak
2025-06-20 11:25:56,680 - INFO     - root            - Trovati 11 backup. Rimuovendo i 1 più vecchi.
2025-06-20 11:25:56,688 - INFO     - root            - Vecchio backup rimosso: backups\verifiche_backup_2025-06-19_16-44-49.db.bak
2025-06-20 11:25:56,699 - INFO     - root            - Profili caricati con successo dal file: ['Classe 1', 'Classe 2', 'Batteria']
2025-06-20 11:25:56,703 - INFO     - root            - Profili di verifica caricati con successo.
2025-06-20 11:25:56,837 - INFO     - root            - Connessione al database stabilita.
2025-06-20 11:25:56,895 - INFO     - root            - Popolamento selettore con i seguenti profili: ['Classe 1', 'Classe 2', 'Batteria']
2025-06-20 11:25:57,662 - INFO     - root            - Connessione al database stabilita.
2025-06-20 11:26:03,811 - INFO     - root            - Connessione al database stabilita.
2025-06-20 11:26:13,144 - INFO     - root            - Connessione al database stabilita.
2025-06-20 11:26:13,150 - INFO     - root            - Connessione al database stabilita.
2025-06-20 11:26:31,063 - INFO     - root            - Connessione al database stabilita.
2025-06-20 11:27:36,476 - INFO     - root            - Connessione al database stabilita.
2025-06-20 11:33:21,487 - INFO     - root            - Sistema di logging configurato.
2025-06-20 11:33:21,487 - INFO     - root            - =====================================
2025-06-20 11:33:21,487 - INFO     - root            - ||   Avvio Safety Test Manager     ||
2025-06-20 11:33:21,487 - INFO     - root            - =====================================
2025-06-20 11:33:21,497 - INFO     - root            - Backup del database creato con successo: backups\verifiche_backup_2025-06-20_11-33-21.db.bak
2025-06-20 11:33:21,500 - INFO     - root            - Trovati 11 backup. Rimuovendo i 1 più vecchi.
2025-06-20 11:33:21,505 - INFO     - root            - Vecchio backup rimosso: backups\verifiche_backup_2025-06-19_16-45-58.db.bak
2025-06-20 11:33:21,505 - INFO     - root            - Profili caricati con successo dal file: ['Classe 1', 'Classe 2', 'Batteria']
2025-06-20 11:33:21,510 - INFO     - root            - Profili di verifica caricati con successo.
2025-06-20 11:33:21,583 - INFO     - root            - Connessione al database stabilita.
2025-06-20 11:33:21,646 - INFO     - root            - Popolamento selettore con i seguenti profili: ['Classe 1', 'Classe 2', 'Batteria']
2025-06-20 11:33:22,885 - INFO     - root            - Connessione al database stabilita.
2025-06-20 11:33:25,405 - INFO     - root            - Connessione al database stabilita.
2025-06-20 11:33:26,432 - INFO     - root            - Connessione al database stabilita.
2025-06-20 11:33:27,449 - INFO     - root            - Connessione al database stabilita.
2025-06-20 11:33:33,826 - INFO     - root            - Connessione al database stabilita.
2025-06-20 11:33:33,826 - INFO     - root            - Connessione al database stabilita.
2025-06-20 11:33:33,826 - INFO     - root            - Connessione al database stabilita.
2025-06-20 11:37:19,170 - INFO     - root            - Connessione al database stabilita.
2025-06-20 11:37:19,174 - INFO     - root            - Connessione al database stabilita.
2025-06-20 11:37:25,292 - INFO     - root            - Sistema di logging configurato.
2025-06-20 11:37:25,292 - INFO     - root            - =====================================
2025-06-20 11:37:25,295 - INFO     - root            - ||   Avvio Safety Test Manager     ||
2025-06-20 11:37:25,295 - INFO     - root            - =====================================
2025-06-20 11:37:25,303 - INFO     - root            - Backup del database creato con successo: backups\verifiche_backup_2025-06-20_11-37-25.db.bak
2025-06-20 11:37:25,306 - INFO     - root            - Trovati 11 backup. Rimuovendo i 1 più vecchi.
2025-06-20 11:37:25,306 - INFO     - root            - Vecchio backup rimosso: backups\verifiche_backup_2025-06-19_16-46-33.db.bak
2025-06-20 11:37:25,311 - INFO     - root            - Profili caricati con successo dal file: ['Classe 1', 'Classe 2', 'Batteria']
2025-06-20 11:37:25,311 - INFO     - root            - Profili di verifica caricati con successo.
2025-06-20 11:37:25,371 - INFO     - root            - Connessione al database stabilita.
2025-06-20 11:37:25,425 - INFO     - root            - Popolamento selettore con i seguenti profili: ['Classe 1', 'Classe 2', 'Batteria']
2025-06-20 11:37:26,292 - INFO     - root            - Connessione al database stabilita.
2025-06-20 11:37:28,302 - INFO     - root            - Connessione al database stabilita.
2025-06-20 11:37:29,797 - INFO     - root            - Connessione al database stabilita.
2025-06-20 11:37:31,152 - INFO     - root            - Connessione al database stabilita.
2025-06-20 11:37:34,669 - INFO     - root            - Connessione al database stabilita.
2025-06-20 11:37:34,676 - INFO     - root            - Connessione al database stabilita.
2025-06-20 11:37:34,676 - INFO     - root            - Connessione al database stabilita.
2025-06-20 11:37:59,885 - INFO     - root            - Connessione al database stabilita.
2025-06-20 11:37:59,893 - INFO     - root            - Connessione al database stabilita.
2025-06-20 11:56:50,170 - INFO     - root            - Sistema di logging configurato.
2025-06-20 11:56:50,177 - INFO     - root            - =====================================
2025-06-20 11:56:50,177 - INFO     - root            - ||   Avvio Safety Test Manager     ||
2025-06-20 11:56:50,177 - INFO     - root            - =====================================
2025-06-20 11:56:50,188 - INFO     - root            - Backup del database creato con successo: backups\verifiche_backup_2025-06-20_11-56-50.db.bak
2025-06-20 11:56:50,195 - INFO     - root            - Trovati 11 backup. Rimuovendo i 1 più vecchi.
2025-06-20 11:56:50,200 - INFO     - root            - Vecchio backup rimosso: backups\verifiche_backup_2025-06-19_16-49-19.db.bak
2025-06-20 11:56:50,210 - INFO     - root            - Profili caricati con successo dal file: ['Classe 1', 'Classe 2', 'Batteria']
2025-06-20 11:56:50,212 - INFO     - root            - Profili di verifica caricati con successo.
2025-06-20 11:56:50,322 - INFO     - root            - Connessione al database stabilita.
2025-06-20 11:56:50,373 - INFO     - root            - Popolamento selettore con i seguenti profili: ['Classe 1', 'Classe 2', 'Batteria']
2025-06-20 11:56:51,198 - INFO     - root            - Connessione al database stabilita.
2025-06-20 11:56:53,390 - INFO     - root            - Connessione al database stabilita.
2025-06-20 11:56:54,459 - INFO     - root            - Connessione al database stabilita.
2025-06-20 11:56:55,198 - INFO     - root            - Connessione al database stabilita.
2025-06-20 11:56:57,661 - INFO     - root            - Connessione al database stabilita.
2025-06-20 11:56:57,661 - INFO     - root            - Connessione al database stabilita.
2025-06-20 11:56:57,671 - INFO     - root            - Connessione al database stabilita.
2025-06-20 11:58:09,696 - INFO     - root            - Avvio esportazione verifiche per customer ID: 1
2025-06-20 11:58:09,704 - INFO     - root            - Connessione al database stabilita.
2025-06-20 11:58:14,101 - INFO     - root            - Esportazione completata con successo. File salvato in: D:/Desktop/Export_Verifiche_TERME_DI_COMANO_2025-06-20.xlsx
2025-06-20 11:59:47,901 - INFO     - root            - Connessione al database stabilita.
2025-06-20 11:59:47,905 - INFO     - root            - Connessione al database stabilita.
2025-06-20 11:59:53,859 - INFO     - root            - Sistema di logging configurato.
2025-06-20 11:59:53,859 - INFO     - root            - =====================================
2025-06-20 11:59:53,859 - INFO     - root            - ||   Avvio Safety Test Manager     ||
2025-06-20 11:59:53,859 - INFO     - root            - =====================================
2025-06-20 11:59:53,869 - INFO     - root            - Backup del database creato con successo: backups\verifiche_backup_2025-06-20_11-59-53.db.bak
2025-06-20 11:59:53,872 - INFO     - root            - Trovati 11 backup. Rimuovendo i 1 più vecchi.
2025-06-20 11:59:53,872 - INFO     - root            - Vecchio backup rimosso: backups\verifiche_backup_2025-06-19_16-50-18.db.bak
2025-06-20 11:59:53,879 - INFO     - root            - Profili caricati con successo dal file: ['Classe 1', 'Classe 2', 'Batteria']
2025-06-20 11:59:53,882 - INFO     - root            - Profili di verifica caricati con successo.
2025-06-20 11:59:53,950 - INFO     - root            - Connessione al database stabilita.
2025-06-20 11:59:54,014 - INFO     - root            - Popolamento selettore con i seguenti profili: ['Classe 1', 'Classe 2', 'Batteria']
2025-06-20 11:59:55,273 - INFO     - root            - Connessione al database stabilita.
2025-06-20 11:59:57,865 - INFO     - root            - Connessione al database stabilita.
2025-06-20 11:59:58,833 - INFO     - root            - Connessione al database stabilita.
2025-06-20 11:59:59,940 - INFO     - root            - Connessione al database stabilita.
2025-06-20 12:00:02,597 - INFO     - root            - Connessione al database stabilita.
2025-06-20 12:00:02,597 - INFO     - root            - Connessione al database stabilita.
2025-06-20 12:00:02,597 - INFO     - root            - Connessione al database stabilita.
2025-06-20 12:02:32,862 - INFO     - root            - Connessione al database stabilita.
2025-06-20 12:02:32,867 - INFO     - root            - Connessione al database stabilita.
2025-06-20 12:08:09,868 - INFO     - root            - Connessione al database stabilita.
2025-06-20 12:08:11,370 - INFO     - root            - Connessione al database stabilita.
2025-06-20 12:08:12,511 - INFO     - root            - Connessione al database stabilita.
2025-06-20 12:08:15,482 - INFO     - root            - Connessione al database stabilita.
2025-06-20 12:08:15,488 - INFO     - root            - Connessione al database stabilita.
2025-06-20 12:08:15,489 - INFO     - root            - Connessione al database stabilita.
2025-06-20 12:08:41,457 - INFO     - root            - Connessione al database stabilita.
2025-06-20 12:08:41,463 - INFO     - root            - Connessione al database stabilita.
2025-06-20 12:08:53,425 - INFO     - root            - Sistema di logging configurato.
2025-06-20 12:08:53,426 - INFO     - root            - =====================================
2025-06-20 12:08:53,426 - INFO     - root            - ||   Avvio Safety Test Manager     ||
2025-06-20 12:08:53,430 - INFO     - root            - =====================================
2025-06-20 12:08:53,439 - INFO     - root            - Backup del database creato con successo: backups\verifiche_backup_2025-06-20_12-08-53.db.bak
2025-06-20 12:08:53,442 - INFO     - root            - Trovati 11 backup. Rimuovendo i 1 più vecchi.
2025-06-20 12:08:53,446 - INFO     - root            - Vecchio backup rimosso: backups\verifiche_backup_2025-06-19_16-56-19.db.bak
2025-06-20 12:08:53,448 - INFO     - root            - Profili caricati con successo dal file: ['Classe 1', 'Classe 2', 'Batteria']
2025-06-20 12:08:53,453 - INFO     - root            - Profili di verifica caricati con successo.
2025-06-20 12:08:53,530 - INFO     - root            - Connessione al database stabilita.
2025-06-20 12:08:53,552 - INFO     - root            - Popolamento selettore con i seguenti profili: ['Classe 1', 'Classe 2', 'Batteria']
2025-06-20 12:08:54,759 - INFO     - root            - Connessione al database stabilita.
2025-06-20 12:09:18,805 - INFO     - root            - Sistema di logging configurato.
2025-06-20 12:09:18,805 - INFO     - root            - =====================================
2025-06-20 12:09:18,805 - INFO     - root            - ||   Avvio Safety Test Manager     ||
2025-06-20 12:09:18,814 - INFO     - root            - =====================================
2025-06-20 12:09:18,823 - INFO     - root            - Backup del database creato con successo: backups\verifiche_backup_2025-06-20_12-09-18.db.bak
2025-06-20 12:09:18,827 - INFO     - root            - Trovati 11 backup. Rimuovendo i 1 più vecchi.
2025-06-20 12:09:18,831 - INFO     - root            - Vecchio backup rimosso: backups\verifiche_backup_2025-06-19_17-00-28.db.bak
2025-06-20 12:09:18,832 - INFO     - root            - Profili caricati con successo dal file: ['Classe 1', 'Classe 2', 'Batteria']
2025-06-20 12:09:18,832 - INFO     - root            - Profili di verifica caricati con successo.
2025-06-20 12:09:18,911 - INFO     - root            - Connessione al database stabilita.
2025-06-20 12:09:18,983 - INFO     - root            - Popolamento selettore con i seguenti profili: ['Classe 1', 'Classe 2', 'Batteria']
2025-06-20 12:09:19,851 - INFO     - root            - Connessione al database stabilita.
2025-06-20 12:09:21,789 - INFO     - root            - Connessione al database stabilita.
2025-06-20 12:09:24,269 - INFO     - root            - Connessione al database stabilita.
2025-06-20 12:09:25,454 - INFO     - root            - Connessione al database stabilita.
2025-06-20 12:09:28,102 - INFO     - root            - Connessione al database stabilita.
2025-06-20 12:09:28,106 - INFO     - root            - Connessione al database stabilita.
2025-06-20 12:09:28,108 - INFO     - root            - Connessione al database stabilita.
2025-06-20 12:11:53,154 - INFO     - root            - Connessione al database stabilita.
2025-06-20 12:12:08,657 - INFO     - root            - Connessione al database stabilita.
2025-06-20 12:12:21,832 - INFO     - root            - Connessione al database stabilita.
2025-06-20 12:12:21,846 - INFO     - root            - Dispositivo ID TP400033 aggiornato.
2025-06-20 12:12:21,889 - INFO     - root            - Connessione al database stabilita.
2025-06-20 12:12:23,678 - INFO     - root            - Connessione al database stabilita.
2025-06-20 12:12:25,103 - INFO     - root            - Connessione al database stabilita.
2025-06-20 12:16:51,161 - INFO     - root            - Connessione al database stabilita.
2025-06-20 12:16:51,168 - INFO     - root            - Connessione al database stabilita.
2025-06-20 12:16:56,041 - INFO     - root            - Sistema di logging configurato.
2025-06-20 12:16:56,041 - INFO     - root            - =====================================
2025-06-20 12:16:56,041 - INFO     - root            - ||   Avvio Safety Test Manager     ||
2025-06-20 12:16:56,048 - INFO     - root            - =====================================
2025-06-20 12:16:56,053 - INFO     - root            - Backup del database creato con successo: backups\verifiche_backup_2025-06-20_12-16-56.db.bak
2025-06-20 12:16:56,059 - INFO     - root            - Trovati 11 backup. Rimuovendo i 1 più vecchi.
2025-06-20 12:16:56,059 - INFO     - root            - Vecchio backup rimosso: backups\verifiche_backup_2025-06-19_17-03-37.db.bak
2025-06-20 12:16:56,064 - INFO     - root            - Profili caricati con successo dal file: ['Classe 1', 'Classe 2', 'Batteria']
2025-06-20 12:16:56,067 - INFO     - root            - Profili di verifica caricati con successo.
2025-06-20 12:16:56,142 - INFO     - root            - Connessione al database stabilita.
2025-06-20 12:16:56,191 - INFO     - root            - Popolamento selettore con i seguenti profili: ['Classe 1', 'Classe 2', 'Batteria']
2025-06-20 12:16:57,226 - INFO     - root            - Connessione al database stabilita.
2025-06-20 12:22:26,028 - INFO     - root            - Sistema di logging configurato.
2025-06-20 12:22:26,028 - INFO     - root            - =====================================
2025-06-20 12:22:26,028 - INFO     - root            - ||   Avvio Safety Test Manager     ||
2025-06-20 12:22:26,032 - INFO     - root            - =====================================
2025-06-20 12:22:26,038 - INFO     - root            - Backup del database creato con successo: backups\verifiche_backup_2025-06-20_12-22-26.db.bak
2025-06-20 12:22:26,043 - INFO     - root            - Trovati 11 backup. Rimuovendo i 1 più vecchi.
2025-06-20 12:22:26,043 - INFO     - root            - Vecchio backup rimosso: backups\verifiche_backup_2025-06-19_17-05-44.db.bak
2025-06-20 12:22:26,049 - INFO     - root            - Profili caricati con successo dal file: ['Classe 1', 'Classe 2', 'Batteria']
2025-06-20 12:22:26,049 - INFO     - root            - Profili di verifica caricati con successo.
2025-06-20 12:22:26,121 - INFO     - root            - Connessione al database stabilita.
2025-06-20 12:22:26,185 - INFO     - root            - Popolamento selettore con i seguenti profili: ['Classe 1', 'Classe 2', 'Batteria']
2025-06-20 12:22:27,336 - INFO     - root            - Connessione al database stabilita.
2025-06-20 12:22:34,558 - INFO     - root            - Connessione al database stabilita.
2025-06-20 12:23:45,904 - INFO     - root            - Connessione al database stabilita.
2025-06-20 12:26:01,989 - INFO     - root            - Connessione al database stabilita.
2025-06-20 12:26:01,991 - INFO     - root            - Connessione al database stabilita.
2025-06-20 12:26:09,869 - INFO     - root            - Sistema di logging configurato.
2025-06-20 12:26:09,871 - INFO     - root            - =====================================
2025-06-20 12:26:09,873 - INFO     - root            - ||   Avvio Safety Test Manager     ||
2025-06-20 12:26:09,873 - INFO     - root            - =====================================
2025-06-20 12:26:09,880 - INFO     - root            - Backup del database creato con successo: backups\verifiche_backup_2025-06-20_12-26-09.db.bak
2025-06-20 12:26:09,886 - INFO     - root            - Trovati 11 backup. Rimuovendo i 1 più vecchi.
2025-06-20 12:26:09,891 - INFO     - root            - Vecchio backup rimosso: backups\verifiche_backup_2025-06-20_10-30-04.db.bak
2025-06-20 12:26:09,896 - INFO     - root            - Profili caricati con successo dal file: ['Classe 1', 'Classe 2', 'Batteria']
2025-06-20 12:26:09,896 - INFO     - root            - Profili di verifica caricati con successo.
2025-06-20 12:26:09,953 - INFO     - root            - Connessione al database stabilita.
2025-06-20 12:26:09,999 - INFO     - root            - Popolamento selettore con i seguenti profili: ['Classe 1', 'Classe 2', 'Batteria']
2025-06-20 12:26:10,716 - INFO     - root            - Connessione al database stabilita.
2025-06-20 12:28:26,453 - INFO     - root            - Sistema di logging configurato.
2025-06-20 12:28:26,453 - INFO     - root            - =====================================
2025-06-20 12:28:26,453 - INFO     - root            - ||   Avvio Safety Test Manager     ||
2025-06-20 12:28:26,453 - INFO     - root            - =====================================
2025-06-20 12:28:26,464 - INFO     - root            - Backup del database creato con successo: backups\verifiche_backup_2025-06-20_12-28-26.db.bak
2025-06-20 12:28:26,469 - INFO     - root            - Trovati 11 backup. Rimuovendo i 1 più vecchi.
2025-06-20 12:28:26,470 - INFO     - root            - Vecchio backup rimosso: backups\verifiche_backup_2025-06-20_11-25-56.db.bak
2025-06-20 12:28:26,474 - INFO     - root            - Profili caricati con successo dal file: ['Classe 1', 'Classe 2', 'Batteria']
2025-06-20 12:28:26,478 - INFO     - root            - Profili di verifica caricati con successo.
2025-06-20 12:28:26,534 - INFO     - root            - Connessione al database stabilita.
2025-06-20 12:28:26,571 - INFO     - root            - Popolamento selettore con i seguenti profili: ['Classe 1', 'Classe 2', 'Batteria']
2025-06-20 12:28:27,259 - INFO     - root            - Connessione al database stabilita.
2025-06-20 12:30:29,004 - INFO     - root            - Sistema di logging configurato.
2025-06-20 12:30:29,006 - INFO     - root            - =====================================
2025-06-20 12:30:29,012 - INFO     - root            - ||   Avvio Safety Test Manager     ||
2025-06-20 12:30:29,016 - INFO     - root            - =====================================
2025-06-20 12:30:29,021 - INFO     - root            - Backup del database creato con successo: backups\verifiche_backup_2025-06-20_12-30-29.db.bak
2025-06-20 12:30:29,028 - INFO     - root            - Trovati 11 backup. Rimuovendo i 1 più vecchi.
2025-06-20 12:30:29,033 - INFO     - root            - Vecchio backup rimosso: backups\verifiche_backup_2025-06-20_11-33-21.db.bak
2025-06-20 12:30:29,033 - INFO     - root            - Profili caricati con successo dal file: ['Classe 1', 'Classe 2', 'Batteria']
2025-06-20 12:30:29,038 - INFO     - root            - Profili di verifica caricati con successo.
2025-06-20 12:30:29,123 - INFO     - root            - Connessione al database stabilita.
2025-06-20 12:30:29,209 - INFO     - root            - Popolamento selettore con i seguenti profili: ['Classe 1', 'Classe 2', 'Batteria']
2025-06-20 12:30:30,580 - INFO     - root            - Connessione al database stabilita.
2025-06-20 12:30:47,823 - INFO     - root            - Avvio esportazione per la data: 2025-06-20
2025-06-20 12:30:47,829 - INFO     - root            - Connessione al database stabilita.
2025-06-20 12:30:53,500 - INFO     - root            - Connessione al database stabilita.
2025-06-20 12:30:53,536 - INFO     - root            - Connessione al database stabilita.
2025-06-20 12:30:54,280 - INFO     - root            - Connessione al database stabilita.
2025-06-20 12:33:52,788 - INFO     - root            - Sistema di logging configurato.
2025-06-20 12:33:52,788 - INFO     - root            - =====================================
2025-06-20 12:33:52,788 - INFO     - root            - ||   Avvio Safety Test Manager     ||
2025-06-20 12:33:52,788 - INFO     - root            - =====================================
2025-06-20 12:33:52,804 - INFO     - root            - Backup del database creato con successo: backups\verifiche_backup_2025-06-20_12-33-52.db.bak
2025-06-20 12:33:52,807 - INFO     - root            - Trovati 11 backup. Rimuovendo i 1 più vecchi.
2025-06-20 12:33:52,812 - INFO     - root            - Vecchio backup rimosso: backups\verifiche_backup_2025-06-20_11-37-25.db.bak
2025-06-20 12:33:52,818 - INFO     - root            - Profili caricati con successo dal file: ['Classe 1', 'Classe 2', 'Batteria']
2025-06-20 12:33:52,822 - INFO     - root            - Profili di verifica caricati con successo.
2025-06-20 12:33:52,916 - INFO     - root            - Connessione al database stabilita.
2025-06-20 12:33:53,014 - INFO     - root            - Popolamento selettore con i seguenti profili: ['Classe 1', 'Classe 2', 'Batteria']
2025-06-20 12:33:54,290 - INFO     - root            - Connessione al database stabilita.
2025-06-20 12:33:56,172 - INFO     - root            - Connessione al database stabilita.
2025-06-20 12:34:00,749 - INFO     - root            - Connessione al database stabilita.
2025-06-20 12:34:01,999 - INFO     - root            - Connessione al database stabilita.
2025-06-20 12:34:12,669 - INFO     - root            - Connessione al database stabilita.
2025-06-20 12:34:12,669 - INFO     - root            - Connessione al database stabilita.
2025-06-20 12:34:14,064 - INFO     - root            - Connessione al database stabilita.
2025-06-20 12:34:24,241 - INFO     - root            - Esportazione giornaliera annullata dall'utente.
2025-06-20 12:34:51,646 - INFO     - root            - Connessione al database stabilita.
2025-06-20 12:34:51,646 - INFO     - root            - Connessione al database stabilita.
2025-06-20 14:54:12,491 - INFO     - root            - Sistema di logging configurato.
2025-06-20 14:54:12,492 - INFO     - root            - =====================================
2025-06-20 14:54:12,493 - INFO     - root            - ||   Avvio Safety Test Manager     ||
2025-06-20 14:54:12,493 - INFO     - root            - =====================================
2025-06-20 14:54:12,496 - INFO     - root            - Backup del database creato con successo: backups\verifiche_backup_2025-06-20_14-54-12.db.bak
2025-06-20 14:54:12,498 - INFO     - root            - Trovati 11 backup. Rimuovendo i 1 più vecchi.
2025-06-20 14:54:12,500 - INFO     - root            - Vecchio backup rimosso: backups\verifiche_backup_2025-06-20_11-56-50.db.bak
2025-06-20 14:54:12,514 - INFO     - root            - Profili caricati con successo dal file: ['Classe 1', 'Classe 2', 'Batteria']
2025-06-20 14:54:12,514 - INFO     - root            - Profili di verifica caricati con successo.
2025-06-20 14:54:12,564 - CRITICAL - root            - Errore critico durante l'avvio: Impossibile caricare i profili.
Traceback (most recent call last):
  File "d:\Desktop\PROGRAMMI\VERIFICHE ELETTRICHE V4\main.py", line 32, in <module>
    window = MainWindow()
             ^^^^^^^^^^^^
  File "d:\Desktop\PROGRAMMI\VERIFICHE ELETTRICHE V4\app\ui\main_window.py", line 25, in __init__
    self.create_menu_bar()
  File "d:\Desktop\PROGRAMMI\VERIFICHE ELETTRICHE V4\app\ui\main_window.py", line 87, in create_menu_bar
    export_daily_action.triggered.connect(self.export_daily_verifications)
                                          ^^^^^^^^^^^^^^^^^^^^^^^^^^^^^^^
AttributeError: 'MainWindow' object has no attribute 'export_daily_verifications'
2025-06-20 14:55:03,581 - INFO     - root            - Sistema di logging configurato.
2025-06-20 14:55:03,581 - INFO     - root            - =====================================
2025-06-20 14:55:03,581 - INFO     - root            - ||   Avvio Safety Test Manager     ||
2025-06-20 14:55:03,581 - INFO     - root            - =====================================
2025-06-20 14:55:03,591 - INFO     - root            - Backup del database creato con successo: backups\verifiche_backup_2025-06-20_14-55-03.db.bak
2025-06-20 14:55:03,591 - INFO     - root            - Trovati 11 backup. Rimuovendo i 1 più vecchi.
2025-06-20 14:55:03,596 - INFO     - root            - Vecchio backup rimosso: backups\verifiche_backup_2025-06-20_11-59-53.db.bak
2025-06-20 14:55:03,597 - INFO     - root            - Profili caricati con successo dal file: ['Classe 1', 'Classe 2', 'Batteria']
2025-06-20 14:55:03,598 - INFO     - root            - Profili di verifica caricati con successo.
2025-06-20 14:55:03,635 - INFO     - root            - Connessione al database stabilita.
2025-06-20 14:55:03,688 - INFO     - root            - Popolamento selettore con i seguenti profili: ['Classe 1', 'Classe 2', 'Batteria']
2025-06-20 14:55:04,160 - INFO     - root            - Connessione al database stabilita.
2025-06-20 14:55:09,803 - INFO     - root            - Connessione al database stabilita.
2025-06-20 14:55:12,267 - INFO     - root            - Connessione al database stabilita.
2025-06-20 14:55:22,463 - INFO     - root            - Avvio esportazione in formato STM per la data: 2025-06-20
2025-06-20 14:55:22,474 - INFO     - root            - Connessione al database stabilita.
2025-06-20 14:55:22,474 - INFO     - root            - Esportazione completata con successo. Salvate 2 verifiche.
2025-06-20 14:55:51,369 - INFO     - root            - Connessione al database stabilita.
2025-06-20 14:55:54,716 - INFO     - root            - Connessione al database stabilita.
2025-06-20 14:55:58,192 - INFO     - root            - Connessione al database stabilita.
2025-06-20 14:55:59,711 - INFO     - root            - Connessione al database stabilita.
2025-06-20 14:56:00,150 - INFO     - root            - Connessione al database stabilita.
2025-06-20 14:56:00,475 - INFO     - root            - Connessione al database stabilita.
2025-06-20 14:56:00,762 - INFO     - root            - Connessione al database stabilita.
2025-06-20 14:56:01,095 - INFO     - root            - Connessione al database stabilita.
2025-06-20 14:56:01,660 - INFO     - root            - Connessione al database stabilita.
2025-06-20 14:56:06,660 - INFO     - root            - Connessione al database stabilita.
2025-06-20 14:56:07,552 - INFO     - root            - Connessione al database stabilita.
2025-06-20 14:56:07,886 - INFO     - root            - Connessione al database stabilita.
2025-06-20 14:56:08,186 - INFO     - root            - Connessione al database stabilita.
2025-06-20 14:56:08,606 - INFO     - root            - Connessione al database stabilita.
2025-06-20 14:56:12,340 - INFO     - root            - Connessione al database stabilita.
2025-06-20 14:56:21,255 - INFO     - root            - Connessione al database stabilita.
2025-06-20 14:56:22,792 - INFO     - root            - Connessione al database stabilita.
2025-06-20 14:56:25,491 - INFO     - root            - Connessione al database stabilita.
2025-06-20 15:02:32,757 - INFO     - root            - Connessione al database stabilita.
2025-06-20 15:02:32,759 - INFO     - root            - Connessione al database stabilita.
2025-06-20 15:02:36,197 - INFO     - root            - Sistema di logging configurato.
2025-06-20 15:02:36,198 - INFO     - root            - =====================================
2025-06-20 15:02:36,198 - INFO     - root            - ||   Avvio Safety Test Manager     ||
2025-06-20 15:02:36,199 - INFO     - root            - =====================================
2025-06-20 15:02:36,202 - INFO     - root            - Backup del database creato con successo: backups\verifiche_backup_2025-06-20_15-02-36.db.bak
2025-06-20 15:02:36,205 - INFO     - root            - Trovati 11 backup. Rimuovendo i 1 più vecchi.
2025-06-20 15:02:36,207 - INFO     - root            - Vecchio backup rimosso: backups\verifiche_backup_2025-06-20_12-08-53.db.bak
2025-06-20 15:02:36,207 - INFO     - root            - Profili caricati con successo dal file: ['Classe 1', 'Classe 2', 'Batteria']
2025-06-20 15:02:36,207 - INFO     - root            - Profili di verifica caricati con successo.
2025-06-20 15:02:36,236 - INFO     - root            - Connessione al database stabilita.
2025-06-20 15:02:36,278 - INFO     - root            - Popolamento selettore con i seguenti profili: ['Classe 1', 'Classe 2', 'Batteria']
2025-06-20 15:02:36,858 - INFO     - root            - Connessione al database stabilita.
2025-06-20 15:02:38,701 - INFO     - root            - Connessione al database stabilita.
2025-06-20 15:02:40,013 - INFO     - root            - Connessione al database stabilita.
2025-06-20 15:02:40,845 - INFO     - root            - Connessione al database stabilita.
2025-06-20 15:02:43,407 - INFO     - root            - Connessione al database stabilita.
2025-06-20 15:02:43,436 - WARNING  - root            - Dispositivo con ID 70 e tutte le sue verifiche sono stati eliminati.
2025-06-20 15:02:43,440 - INFO     - root            - Connessione al database stabilita.
2025-06-20 15:02:45,631 - INFO     - root            - Connessione al database stabilita.
2025-06-20 15:02:47,471 - INFO     - root            - Connessione al database stabilita.
2025-06-20 15:02:47,491 - WARNING  - root            - Dispositivo con ID 93 e tutte le sue verifiche sono stati eliminati.
2025-06-20 15:02:47,498 - INFO     - root            - Connessione al database stabilita.
2025-06-20 15:02:57,391 - INFO     - root            - Connessione al database stabilita.
2025-06-20 15:13:12,621 - INFO     - root            - Connessione al database stabilita.
2025-06-20 15:13:12,629 - INFO     - root            - Connessione al database stabilita.
2025-06-20 15:13:16,860 - INFO     - root            - Sistema di logging configurato.
2025-06-20 15:13:16,861 - INFO     - root            - =====================================
2025-06-20 15:13:16,862 - INFO     - root            - ||   Avvio Safety Test Manager     ||
2025-06-20 15:13:16,863 - INFO     - root            - =====================================
2025-06-20 15:13:16,863 - INFO     - root            - Backup del database creato con successo: backups\verifiche_backup_2025-06-20_15-13-16.db.bak
2025-06-20 15:13:16,863 - INFO     - root            - Trovati 11 backup. Rimuovendo i 1 più vecchi.
2025-06-20 15:13:16,868 - INFO     - root            - Vecchio backup rimosso: backups\verifiche_backup_2025-06-20_12-09-18.db.bak
2025-06-20 15:13:16,869 - INFO     - root            - Profili caricati con successo dal file: ['Classe 1', 'Classe 2', 'Batteria']
2025-06-20 15:13:16,871 - INFO     - root            - Profili di verifica caricati con successo.
2025-06-20 15:13:16,898 - INFO     - root            - Connessione al database stabilita.
2025-06-20 15:13:16,934 - INFO     - root            - Popolamento selettore con i seguenti profili: ['Classe 1', 'Classe 2', 'Batteria']
2025-06-20 15:13:17,781 - INFO     - root            - Connessione al database stabilita.
2025-06-20 15:13:20,643 - INFO     - root            - Connessione al database stabilita.
2025-06-20 15:13:25,511 - INFO     - root            - Connessione al database stabilita.
2025-06-20 15:13:30,717 - INFO     - root            - Connessione al database stabilita.
2025-06-20 15:13:35,351 - INFO     - root            - Connessione al database stabilita.
2025-06-20 15:13:44,202 - WARNING  - root            - Avvio eliminazione massiva di 56 dispositivi per il cliente ID 2
2025-06-20 15:13:44,202 - INFO     - root            - Connessione al database stabilita.
2025-06-20 15:13:44,233 - WARNING  - root            - Eliminati 56 dispositivi per il cliente ID 2.
2025-06-20 15:13:47,461 - INFO     - root            - Connessione al database stabilita.
2025-06-20 15:13:55,771 - INFO     - root            - Connessione al database stabilita.
2025-06-20 15:14:02,985 - INFO     - root            - Connessione al database stabilita.
2025-06-20 15:14:03,010 - INFO     - root            - Cliente ID 2 eliminato.
2025-06-20 15:14:03,017 - INFO     - root            - Connessione al database stabilita.
2025-06-20 15:14:59,103 - INFO     - root            - Connessione al database stabilita.
2025-06-20 15:14:59,110 - INFO     - root            - Cliente aggiunto: FARMACIA RONCAFORT.
2025-06-20 15:14:59,126 - INFO     - root            - Connessione al database stabilita.
2025-06-20 15:15:00,342 - INFO     - root            - Connessione al database stabilita.
2025-06-20 15:15:46,306 - INFO     - root            - Connessione al database stabilita.
2025-06-20 15:15:46,306 - INFO     - root            - Connessione al database stabilita.
2025-06-20 15:15:46,310 - INFO     - root            - Dispositivo aggiunto: OTH-19030051 per cliente ID 3.
2025-06-20 15:15:46,334 - INFO     - root            - Connessione al database stabilita.
2025-06-20 15:15:46,334 - INFO     - root            - Connessione al database stabilita.
2025-06-20 15:15:46,334 - INFO     - root            - Dispositivo aggiunto: S2218365A per cliente ID 3.
2025-06-20 15:15:46,359 - INFO     - root            - Connessione al database stabilita.
2025-06-20 15:15:46,359 - INFO     - root            - Connessione al database stabilita.
2025-06-20 15:15:46,367 - INFO     - root            - Dispositivo aggiunto: 7120209 per cliente ID 3.
2025-06-20 15:15:46,387 - INFO     - root            - Connessione al database stabilita.
2025-06-20 15:15:46,387 - INFO     - root            - Connessione al database stabilita.
2025-06-20 15:15:46,387 - INFO     - root            - Dispositivo aggiunto: P10000000096 per cliente ID 3.
2025-06-20 15:15:46,410 - INFO     - root            - Connessione al database stabilita.
2025-06-20 15:15:46,417 - INFO     - root            - Connessione al database stabilita.
2025-06-20 15:15:46,417 - INFO     - root            - Dispositivo aggiunto: 11Q8O1X50339 per cliente ID 3.
2025-06-20 15:15:46,440 - INFO     - root            - Connessione al database stabilita.
2025-06-20 15:15:46,440 - INFO     - root            - Connessione al database stabilita.
2025-06-20 15:15:46,440 - INFO     - root            - Dispositivo aggiunto: NP per cliente ID 3.
2025-06-20 15:15:46,468 - INFO     - root            - Connessione al database stabilita.
2025-06-20 15:15:46,468 - INFO     - root            - Connessione al database stabilita.
2025-06-20 15:15:46,468 - INFO     - root            - Dispositivo aggiunto: s3k2200352 per cliente ID 3.
2025-06-20 15:15:46,489 - INFO     - root            - Connessione al database stabilita.
2025-06-20 15:15:46,489 - INFO     - root            - Connessione al database stabilita.
2025-06-20 15:15:46,498 - INFO     - root            - Dispositivo aggiunto: MX00400 per cliente ID 3.
2025-06-20 15:15:46,519 - INFO     - root            - Connessione al database stabilita.
2025-06-20 15:15:46,519 - INFO     - root            - Connessione al database stabilita.
2025-06-20 15:15:46,519 - INFO     - root            - Dispositivo aggiunto: 153859 per cliente ID 3.
2025-06-20 15:15:46,539 - INFO     - root            - Connessione al database stabilita.
2025-06-20 15:15:46,549 - INFO     - root            - Connessione al database stabilita.
2025-06-20 15:15:46,549 - INFO     - root            - Dispositivo aggiunto: 24506041 per cliente ID 3.
2025-06-20 15:15:46,569 - INFO     - root            - Connessione al database stabilita.
2025-06-20 15:15:46,569 - INFO     - root            - Connessione al database stabilita.
2025-06-20 15:15:46,569 - INFO     - root            - Connessione al database stabilita.
2025-06-20 15:15:46,579 - INFO     - root            - Dispositivo aggiunto: XPRO-015/2017 per cliente ID 3.
2025-06-20 15:15:46,600 - INFO     - root            - Connessione al database stabilita.
2025-06-20 15:15:46,600 - INFO     - root            - Connessione al database stabilita.
2025-06-20 15:15:46,600 - INFO     - root            - Dispositivo aggiunto: 0723/000137 per cliente ID 3.
2025-06-20 15:15:46,620 - INFO     - root            - Connessione al database stabilita.
2025-06-20 15:15:46,630 - INFO     - root            - Connessione al database stabilita.
2025-06-20 15:15:46,630 - INFO     - root            - Dispositivo aggiunto: 910423606 per cliente ID 3.
2025-06-20 15:15:46,652 - INFO     - root            - Connessione al database stabilita.
2025-06-20 15:15:46,652 - INFO     - root            - Connessione al database stabilita.
2025-06-20 15:15:46,652 - INFO     - root            - Dispositivo aggiunto: 180036 per cliente ID 3.
2025-06-20 15:15:46,681 - INFO     - root            - Connessione al database stabilita.
2025-06-20 15:15:46,681 - INFO     - root            - Connessione al database stabilita.
2025-06-20 15:15:46,681 - INFO     - root            - Dispositivo aggiunto: FS1132107206836 per cliente ID 3.
2025-06-20 15:15:46,706 - INFO     - root            - Connessione al database stabilita.
2025-06-20 15:15:46,711 - INFO     - root            - Connessione al database stabilita.
2025-06-20 15:15:46,711 - INFO     - root            - Dispositivo aggiunto: 21041S3S per cliente ID 3.
2025-06-20 15:15:46,734 - INFO     - root            - Connessione al database stabilita.
2025-06-20 15:15:46,734 - INFO     - root            - Connessione al database stabilita.
2025-06-20 15:15:46,734 - INFO     - root            - Dispositivo aggiunto: ND per cliente ID 3.
2025-06-20 15:15:46,763 - INFO     - root            - Connessione al database stabilita.
2025-06-20 15:15:46,763 - INFO     - root            - Connessione al database stabilita.
2025-06-20 15:15:46,763 - INFO     - root            - Dispositivo aggiunto: 2629022006 per cliente ID 3.
2025-06-20 15:15:46,790 - INFO     - root            - Connessione al database stabilita.
2025-06-20 15:15:46,793 - INFO     - root            - Connessione al database stabilita.
2025-06-20 15:15:46,793 - INFO     - root            - Dispositivo aggiunto: 1258373 per cliente ID 3.
2025-06-20 15:15:46,816 - INFO     - root            - Connessione al database stabilita.
2025-06-20 15:15:46,816 - INFO     - root            - Connessione al database stabilita.
2025-06-20 15:15:46,816 - INFO     - root            - Dispositivo aggiunto: FX0000000443 per cliente ID 3.
2025-06-20 15:15:46,844 - INFO     - root            - Connessione al database stabilita.
2025-06-20 15:15:46,844 - INFO     - root            - Connessione al database stabilita.
2025-06-20 15:15:46,844 - INFO     - root            - Dispositivo aggiunto: B20201429 per cliente ID 3.
2025-06-20 15:15:46,870 - INFO     - root            - Connessione al database stabilita.
2025-06-20 15:15:46,875 - INFO     - root            - Connessione al database stabilita.
2025-06-20 15:15:46,875 - INFO     - root            - Dispositivo aggiunto: C24868T per cliente ID 3.
2025-06-20 15:15:46,899 - INFO     - root            - Connessione al database stabilita.
2025-06-20 15:15:46,899 - INFO     - root            - Connessione al database stabilita.
2025-06-20 15:15:46,906 - INFO     - root            - Connessione al database stabilita.
2025-06-20 15:15:46,906 - INFO     - root            - Dispositivo aggiunto: 3520/000012 per cliente ID 3.
2025-06-20 15:15:46,938 - INFO     - root            - Connessione al database stabilita.
2025-06-20 15:16:01,246 - INFO     - root            - Connessione al database stabilita.
2025-06-20 15:16:02,011 - INFO     - root            - Connessione al database stabilita.
2025-06-20 15:19:55,140 - INFO     - root            - Connessione al database stabilita.
2025-06-20 15:19:55,150 - INFO     - root            - Connessione al database stabilita.
2025-06-20 15:19:59,923 - INFO     - root            - Sistema di logging configurato.
2025-06-20 15:19:59,923 - INFO     - root            - =====================================
2025-06-20 15:19:59,923 - INFO     - root            - ||   Avvio Safety Test Manager     ||
2025-06-20 15:19:59,923 - INFO     - root            - =====================================
2025-06-20 15:19:59,930 - INFO     - root            - Backup del database creato con successo: backups\verifiche_backup_2025-06-20_15-19-59.db.bak
2025-06-20 15:19:59,936 - INFO     - root            - Trovati 11 backup. Rimuovendo i 1 più vecchi.
2025-06-20 15:19:59,937 - INFO     - root            - Vecchio backup rimosso: backups\verifiche_backup_2025-06-20_12-16-56.db.bak
2025-06-20 15:19:59,938 - INFO     - root            - Profili caricati con successo dal file: ['Classe 1', 'Classe 2', 'Batteria']
2025-06-20 15:19:59,940 - INFO     - root            - Profili di verifica caricati con successo.
2025-06-20 15:19:59,968 - INFO     - root            - Connessione al database stabilita.
2025-06-20 15:19:59,992 - INFO     - root            - Popolamento selettore con i seguenti profili: ['Classe 1', 'Classe 2', 'Batteria']
2025-06-20 15:20:00,567 - INFO     - root            - Connessione al database stabilita.
2025-06-20 15:20:02,459 - INFO     - root            - Connessione al database stabilita.
2025-06-20 15:20:04,050 - INFO     - root            - Connessione al database stabilita.
2025-06-20 15:20:15,537 - INFO     - root            - Connessione al database stabilita.
2025-06-20 15:20:18,741 - INFO     - root            - Connessione al database stabilita.
2025-06-20 15:20:18,745 - INFO     - root            - Connessione al database stabilita.
2025-06-20 15:22:10,052 - INFO     - root            - Sistema di logging configurato.
2025-06-20 15:22:10,053 - INFO     - root            - =====================================
2025-06-20 15:22:10,054 - INFO     - root            - ||   Avvio Safety Test Manager     ||
2025-06-20 15:22:10,055 - INFO     - root            - =====================================
2025-06-20 15:22:10,057 - INFO     - root            - Backup del database creato con successo: backups\verifiche_backup_2025-06-20_15-22-10.db.bak
2025-06-20 15:22:10,060 - INFO     - root            - Trovati 11 backup. Rimuovendo i 1 più vecchi.
2025-06-20 15:22:10,063 - INFO     - root            - Vecchio backup rimosso: backups\verifiche_backup_2025-06-20_12-22-26.db.bak
2025-06-20 15:22:10,064 - INFO     - root            - Profili caricati con successo dal file: ['Classe 1', 'Classe 2', 'Batteria']
2025-06-20 15:22:10,066 - INFO     - root            - Profili di verifica caricati con successo.
2025-06-20 15:22:10,097 - INFO     - root            - Connessione al database stabilita.
2025-06-20 15:22:10,121 - INFO     - root            - Popolamento selettore con i seguenti profili: ['Classe 1', 'Classe 2', 'Batteria']
2025-06-20 15:22:10,591 - INFO     - root            - Connessione al database stabilita.
2025-06-20 15:22:11,881 - INFO     - root            - Connessione al database stabilita.
2025-06-20 15:22:19,551 - INFO     - root            - Connessione al database stabilita.
2025-06-20 15:24:21,296 - INFO     - root            - Connessione al database stabilita.
2025-06-20 15:24:21,302 - INFO     - root            - Connessione al database stabilita.
2025-06-20 15:25:02,232 - INFO     - root            - Sistema di logging configurato.
2025-06-20 15:25:02,233 - INFO     - root            - =====================================
2025-06-20 15:25:02,234 - INFO     - root            - ||   Avvio Safety Test Manager     ||
2025-06-20 15:25:02,234 - INFO     - root            - =====================================
2025-06-20 15:25:02,234 - INFO     - root            - Backup del database creato con successo: backups\verifiche_backup_2025-06-20_15-25-02.db.bak
2025-06-20 15:25:02,240 - INFO     - root            - Trovati 11 backup. Rimuovendo i 1 più vecchi.
2025-06-20 15:25:02,242 - INFO     - root            - Vecchio backup rimosso: backups\verifiche_backup_2025-06-20_12-26-09.db.bak
2025-06-20 15:25:02,243 - INFO     - root            - Profili caricati con successo dal file: ['Classe 1', 'Classe 2', 'Batteria']
2025-06-20 15:25:02,244 - INFO     - root            - Profili di verifica caricati con successo.
2025-06-20 15:25:02,275 - INFO     - root            - Connessione al database stabilita.
2025-06-20 15:25:02,308 - INFO     - root            - Popolamento selettore con i seguenti profili: ['Classe 1', 'Classe 2', 'Batteria']
2025-06-20 15:25:02,878 - INFO     - root            - Connessione al database stabilita.
2025-06-20 15:25:06,593 - INFO     - root            - Connessione al database stabilita.
2025-06-20 15:25:11,892 - INFO     - root            - Connessione al database stabilita.
2025-06-20 15:30:32,119 - INFO     - root            - Connessione al database stabilita.
2025-06-20 15:30:32,129 - INFO     - root            - Connessione al database stabilita.
2025-06-20 15:30:37,425 - INFO     - root            - Sistema di logging configurato.
2025-06-20 15:30:37,425 - INFO     - root            - =====================================
2025-06-20 15:30:37,425 - INFO     - root            - ||   Avvio Safety Test Manager     ||
2025-06-20 15:30:37,436 - INFO     - root            - =====================================
2025-06-20 15:30:37,436 - INFO     - root            - Backup del database creato con successo: backups\verifiche_backup_2025-06-20_15-30-37.db.bak
2025-06-20 15:30:37,441 - INFO     - root            - Trovati 11 backup. Rimuovendo i 1 più vecchi.
2025-06-20 15:30:37,442 - INFO     - root            - Vecchio backup rimosso: backups\verifiche_backup_2025-06-20_12-28-26.db.bak
2025-06-20 15:30:37,444 - INFO     - root            - Profili caricati con successo dal file: ['Classe 1', 'Classe 2', 'Batteria']
2025-06-20 15:30:37,445 - INFO     - root            - Profili di verifica caricati con successo.
2025-06-20 15:30:37,478 - INFO     - root            - Connessione al database stabilita.
2025-06-20 15:30:37,521 - INFO     - root            - Popolamento selettore con i seguenti profili: ['Classe 1', 'Classe 2', 'Batteria']
2025-06-20 15:30:38,197 - INFO     - root            - Connessione al database stabilita.
2025-06-20 15:30:39,908 - INFO     - root            - Connessione al database stabilita.
2025-06-20 15:30:41,875 - INFO     - root            - Connessione al database stabilita.
2025-06-20 15:30:46,261 - INFO     - root            - Connessione al database stabilita.
2025-06-20 15:30:46,270 - INFO     - root            - Connessione al database stabilita.
2025-06-20 15:31:08,497 - INFO     - root            - Sistema di logging configurato.
2025-06-20 15:31:08,497 - INFO     - root            - =====================================
2025-06-20 15:31:08,497 - INFO     - root            - ||   Avvio Safety Test Manager     ||
2025-06-20 15:31:08,497 - INFO     - root            - =====================================
2025-06-20 15:31:08,497 - INFO     - root            - Backup del database creato con successo: backups\verifiche_backup_2025-06-20_15-31-08.db.bak
2025-06-20 15:31:08,497 - INFO     - root            - Trovati 11 backup. Rimuovendo i 1 più vecchi.
2025-06-20 15:31:08,508 - INFO     - root            - Vecchio backup rimosso: backups\verifiche_backup_2025-06-20_12-30-29.db.bak
2025-06-20 15:31:08,509 - INFO     - root            - Profili caricati con successo dal file: ['Classe 1', 'Classe 2', 'Batteria']
2025-06-20 15:31:08,510 - INFO     - root            - Profili di verifica caricati con successo.
2025-06-20 15:31:08,536 - INFO     - root            - Connessione al database stabilita.
2025-06-20 15:31:08,576 - INFO     - root            - Popolamento selettore con i seguenti profili: ['Classe 1', 'Classe 2', 'Batteria']
2025-06-20 15:31:09,127 - INFO     - root            - Connessione al database stabilita.
2025-06-20 15:31:10,595 - INFO     - root            - Connessione al database stabilita.
2025-06-20 15:31:12,610 - INFO     - root            - Connessione al database stabilita.
2025-06-20 15:31:27,358 - INFO     - root            - Connessione al database stabilita.
2025-06-20 15:31:27,358 - INFO     - root            - Connessione al database stabilita.
2025-06-20 15:32:07,245 - INFO     - root            - Sistema di logging configurato.
2025-06-20 15:32:07,245 - INFO     - root            - =====================================
2025-06-20 15:32:07,245 - INFO     - root            - ||   Avvio Safety Test Manager     ||
2025-06-20 15:32:07,245 - INFO     - root            - =====================================
2025-06-20 15:32:07,255 - INFO     - root            - Backup del database creato con successo: backups\verifiche_backup_2025-06-20_15-32-07.db.bak
2025-06-20 15:32:07,257 - INFO     - root            - Trovati 11 backup. Rimuovendo i 1 più vecchi.
2025-06-20 15:32:07,260 - INFO     - root            - Vecchio backup rimosso: backups\verifiche_backup_2025-06-20_12-33-52.db.bak
2025-06-20 15:32:07,261 - INFO     - root            - Profili caricati con successo dal file: ['Classe 1', 'Classe 2', 'Batteria']
2025-06-20 15:32:07,263 - INFO     - root            - Profili di verifica caricati con successo.
2025-06-20 15:32:07,292 - INFO     - root            - Connessione al database stabilita.
2025-06-20 15:32:07,322 - INFO     - root            - Popolamento selettore con i seguenti profili: ['Classe 1', 'Classe 2', 'Batteria']
2025-06-20 15:32:07,866 - INFO     - root            - Connessione al database stabilita.
2025-06-20 15:32:09,058 - INFO     - root            - Connessione al database stabilita.
2025-06-20 15:32:11,490 - INFO     - root            - Connessione al database stabilita.
2025-06-20 15:32:18,383 - INFO     - root            - Connessione al database stabilita.
2025-06-20 15:32:18,390 - INFO     - root            - Connessione al database stabilita.
2025-06-20 15:32:39,362 - INFO     - root            - Sistema di logging configurato.
2025-06-20 15:32:39,362 - INFO     - root            - =====================================
2025-06-20 15:32:39,362 - INFO     - root            - ||   Avvio Safety Test Manager     ||
2025-06-20 15:32:39,362 - INFO     - root            - =====================================
2025-06-20 15:32:39,367 - INFO     - root            - Backup del database creato con successo: backups\verifiche_backup_2025-06-20_15-32-39.db.bak
2025-06-20 15:32:39,367 - INFO     - root            - Trovati 11 backup. Rimuovendo i 1 più vecchi.
2025-06-20 15:32:39,371 - INFO     - root            - Vecchio backup rimosso: backups\verifiche_backup_2025-06-20_14-54-12.db.bak
2025-06-20 15:32:39,372 - INFO     - root            - Profili caricati con successo dal file: ['Classe 1', 'Classe 2', 'Batteria']
2025-06-20 15:32:39,373 - INFO     - root            - Profili di verifica caricati con successo.
2025-06-20 15:32:39,401 - INFO     - root            - Connessione al database stabilita.
2025-06-20 15:32:39,434 - INFO     - root            - Popolamento selettore con i seguenti profili: ['Classe 1', 'Classe 2', 'Batteria']
2025-06-20 15:32:40,101 - INFO     - root            - Connessione al database stabilita.
2025-06-20 15:32:41,069 - INFO     - root            - Connessione al database stabilita.
2025-06-20 15:32:42,701 - INFO     - root            - Connessione al database stabilita.
2025-06-20 15:33:01,687 - INFO     - root            - Connessione al database stabilita.
2025-06-20 15:33:02,273 - INFO     - root            - Connessione al database stabilita.
2025-06-20 15:33:02,737 - INFO     - root            - Connessione al database stabilita.
2025-06-20 15:33:03,121 - INFO     - root            - Connessione al database stabilita.
2025-06-20 15:33:10,148 - INFO     - root            - Connessione al database stabilita.
2025-06-20 15:33:10,150 - INFO     - root            - Connessione al database stabilita.
2025-06-20 15:56:41,935 - INFO     - root            - Sistema di logging configurato.
2025-06-20 15:56:41,935 - INFO     - root            - =====================================
2025-06-20 15:56:41,935 - INFO     - root            - ||   Avvio Safety Test Manager     ||
2025-06-20 15:56:41,935 - INFO     - root            - =====================================
2025-06-20 15:56:41,935 - INFO     - root            - Backup del database creato con successo: backups\verifiche_backup_2025-06-20_15-56-41.db.bak
2025-06-20 15:56:41,944 - INFO     - root            - Trovati 11 backup. Rimuovendo i 1 più vecchi.
2025-06-20 15:56:41,946 - INFO     - root            - Vecchio backup rimosso: backups\verifiche_backup_2025-06-20_14-55-03.db.bak
2025-06-20 15:56:41,949 - INFO     - root            - Profili caricati con successo dal file: ['Classe 1', 'Classe 2', 'Batteria']
2025-06-20 15:56:41,950 - INFO     - root            - Profili di verifica caricati con successo.
2025-06-20 15:56:41,982 - INFO     - root            - Connessione al database stabilita.
2025-06-20 15:56:41,999 - INFO     - root            - Popolamento selettore con i seguenti profili: ['Classe 1', 'Classe 2', 'Batteria']
2025-06-20 15:56:42,683 - INFO     - root            - Connessione al database stabilita.
2025-06-20 15:56:44,241 - INFO     - root            - Connessione al database stabilita.
2025-06-20 15:56:51,974 - INFO     - root            - Avvio importazione dall'archivio: D:/Desktop/Export_Verifiche_20250620.stm
2025-06-20 15:56:51,985 - INFO     - root            - Connessione al database stabilita.
2025-06-20 15:56:51,989 - INFO     - root            - Connessione al database stabilita.
2025-06-20 15:56:51,992 - INFO     - root            - Connessione al database stabilita.
2025-06-20 15:56:51,995 - WARNING  - root            - Verifica del 2025-06-20 per S/N TP400033 già esistente. Saltata.
2025-06-20 15:56:51,997 - INFO     - root            - Connessione al database stabilita.
2025-06-20 15:56:51,997 - INFO     - root            - Connessione al database stabilita.
2025-06-20 15:56:51,997 - INFO     - root            - Connessione al database stabilita.
2025-06-20 15:56:51,997 - WARNING  - root            - Verifica del 2025-06-20 per S/N TP400033 già esistente. Saltata.
2025-06-20 15:56:51,997 - INFO     - root            - Connessione al database stabilita.
2025-06-20 15:57:18,826 - INFO     - root            - Connessione al database stabilita.
2025-06-20 15:57:31,719 - INFO     - root            - Esportazione giornaliera annullata dall'utente.
2025-06-20 15:57:36,258 - INFO     - root            - Connessione al database stabilita.
2025-06-20 15:57:36,624 - INFO     - root            - Connessione al database stabilita.
2025-06-20 15:57:47,690 - INFO     - root            - Connessione al database stabilita.
2025-06-20 15:57:47,690 - INFO     - root            - Connessione al database stabilita.
2025-06-20 16:24:09,240 - INFO     - root            - Sistema di logging configurato.
2025-06-20 16:24:09,240 - INFO     - root            - =====================================
2025-06-20 16:24:09,240 - INFO     - root            - ||   Avvio Safety Test Manager     ||
2025-06-20 16:24:09,240 - INFO     - root            - =====================================
2025-06-20 16:24:09,246 - INFO     - root            - Backup del database creato con successo: backups\verifiche_backup_2025-06-20_16-24-09.db.bak
2025-06-20 16:24:09,246 - INFO     - root            - Trovati 11 backup. Rimuovendo i 1 più vecchi.
2025-06-20 16:24:09,252 - INFO     - root            - Vecchio backup rimosso: backups\verifiche_backup_2025-06-20_15-02-36.db.bak
2025-06-20 16:24:09,253 - INFO     - root            - Profili caricati con successo dal file: ['Classe 1', 'Classe 2', 'Batteria']
2025-06-20 16:24:09,256 - INFO     - root            - Profili di verifica caricati con successo.
2025-06-20 16:24:10,204 - INFO     - root            - Connessione al database stabilita.
2025-06-20 16:24:10,204 - INFO     - root            - Connessione al database stabilita.
2025-06-20 16:24:10,214 - INFO     - root            - Connessione al database stabilita.
2025-06-20 16:24:22,233 - INFO     - root            - Connessione al database stabilita.
2025-06-20 16:24:25,891 - INFO     - root            - Connessione al database stabilita.
2025-06-20 16:25:56,806 - INFO     - root            - Connessione al database stabilita.
2025-06-20 16:25:56,806 - INFO     - root            - Connessione al database stabilita.
2025-06-20 16:25:56,811 - INFO     - root            - Connessione al database stabilita.
2025-06-20 16:26:03,957 - INFO     - root            - Connessione al database stabilita.
2025-06-20 16:26:04,110 - INFO     - root            - Connessione al database stabilita.
2025-06-20 16:26:04,800 - INFO     - root            - Connessione al database stabilita.
2025-06-20 16:26:05,578 - INFO     - root            - Connessione al database stabilita.
2025-06-20 16:26:05,726 - INFO     - root            - Connessione al database stabilita.
2025-06-20 16:26:05,997 - INFO     - root            - Connessione al database stabilita.
2025-06-20 16:26:06,534 - INFO     - root            - Connessione al database stabilita.
2025-06-20 16:26:06,694 - INFO     - root            - Connessione al database stabilita.
2025-06-20 16:26:07,004 - INFO     - root            - Connessione al database stabilita.
2025-06-20 16:27:47,888 - INFO     - root            - Sistema di logging configurato.
2025-06-20 16:27:47,888 - INFO     - root            - =====================================
2025-06-20 16:27:47,888 - INFO     - root            - ||   Avvio Safety Test Manager     ||
2025-06-20 16:27:47,888 - INFO     - root            - =====================================
2025-06-20 16:27:47,888 - INFO     - root            - Backup del database creato con successo: backups\verifiche_backup_2025-06-20_16-27-47.db.bak
2025-06-20 16:27:47,898 - INFO     - root            - Trovati 11 backup. Rimuovendo i 1 più vecchi.
2025-06-20 16:27:47,899 - INFO     - root            - Vecchio backup rimosso: backups\verifiche_backup_2025-06-20_15-13-16.db.bak
2025-06-20 16:27:47,901 - INFO     - root            - Profili caricati con successo dal file: ['Classe 1', 'Classe 2', 'Batteria']
2025-06-20 16:27:47,902 - INFO     - root            - Profili di verifica caricati con successo.
2025-06-20 16:27:48,424 - INFO     - root            - Connessione al database stabilita.
2025-06-20 16:27:48,424 - INFO     - root            - Connessione al database stabilita.
2025-06-20 16:27:48,434 - INFO     - root            - Connessione al database stabilita.
2025-06-20 16:28:04,329 - INFO     - root            - Connessione al database stabilita.
2025-06-20 16:28:10,450 - INFO     - root            - Connessione al database stabilita.
2025-06-20 16:28:10,461 - INFO     - root            - Cliente aggiunto: TEST.
2025-06-20 16:28:10,485 - INFO     - root            - Connessione al database stabilita.
2025-06-20 16:28:12,274 - INFO     - root            - Connessione al database stabilita.
2025-06-20 16:30:40,971 - INFO     - root            - Connessione al database stabilita.
2025-06-20 16:30:40,971 - INFO     - root            - Connessione al database stabilita.
2025-06-20 16:30:40,971 - INFO     - root            - Connessione al database stabilita.
2025-06-20 16:31:09,723 - INFO     - root            - Sistema di logging configurato.
2025-06-20 16:31:09,723 - INFO     - root            - =====================================
2025-06-20 16:31:09,723 - INFO     - root            - ||   Avvio Safety Test Manager     ||
2025-06-20 16:31:09,723 - INFO     - root            - =====================================
2025-06-20 16:31:09,730 - INFO     - root            - Backup del database creato con successo: backups\verifiche_backup_2025-06-20_16-31-09.db.bak
2025-06-20 16:31:09,734 - INFO     - root            - Trovati 11 backup. Rimuovendo i 1 più vecchi.
2025-06-20 16:31:09,736 - INFO     - root            - Vecchio backup rimosso: backups\verifiche_backup_2025-06-20_15-19-59.db.bak
2025-06-20 16:31:09,738 - INFO     - root            - Profili caricati con successo dal file: ['Classe 1', 'Classe 2', 'Batteria']
2025-06-20 16:31:09,738 - INFO     - root            - Profili di verifica caricati con successo.
2025-06-20 16:31:10,230 - INFO     - root            - Connessione al database stabilita.
2025-06-20 16:31:10,240 - INFO     - root            - Connessione al database stabilita.
2025-06-20 16:31:10,248 - INFO     - root            - Connessione al database stabilita.
2025-06-20 16:31:16,813 - INFO     - root            - Connessione al database stabilita.
2025-06-20 16:31:20,497 - INFO     - root            - Connessione al database stabilita.
2025-06-20 16:31:20,502 - INFO     - root            - Cliente aggiunto: TEST.
2025-06-20 16:31:20,525 - INFO     - root            - Connessione al database stabilita.
2025-06-20 16:31:22,183 - INFO     - root            - Connessione al database stabilita.
2025-06-20 16:34:08,748 - INFO     - root            - Connessione al database stabilita.
2025-06-20 16:34:08,750 - INFO     - root            - Connessione al database stabilita.
2025-06-20 16:34:08,752 - INFO     - root            - Connessione al database stabilita.
2025-06-20 16:34:13,119 - INFO     - root            - Sistema di logging configurato.
2025-06-20 16:34:13,119 - INFO     - root            - =====================================
2025-06-20 16:34:13,120 - INFO     - root            - ||   Avvio Safety Test Manager     ||
2025-06-20 16:34:13,121 - INFO     - root            - =====================================
2025-06-20 16:34:13,124 - INFO     - root            - Backup del database creato con successo: backups\verifiche_backup_2025-06-20_16-34-13.db.bak
2025-06-20 16:34:13,126 - INFO     - root            - Trovati 11 backup. Rimuovendo i 1 più vecchi.
2025-06-20 16:34:13,127 - INFO     - root            - Vecchio backup rimosso: backups\verifiche_backup_2025-06-20_15-22-10.db.bak
2025-06-20 16:34:13,128 - INFO     - root            - Profili caricati con successo dal file: ['Classe 1', 'Classe 2', 'Batteria']
2025-06-20 16:34:13,129 - INFO     - root            - Profili di verifica caricati con successo.
2025-06-20 16:34:13,649 - INFO     - root            - Connessione al database stabilita.
2025-06-20 16:34:13,659 - INFO     - root            - Connessione al database stabilita.
2025-06-20 16:34:13,664 - INFO     - root            - Connessione al database stabilita.
2025-06-20 16:34:20,492 - INFO     - root            - Connessione al database stabilita.
2025-06-20 16:34:21,756 - INFO     - root            - Connessione al database stabilita.
2025-06-20 16:34:27,587 - INFO     - root            - Connessione al database stabilita.
2025-06-20 16:34:27,611 - INFO     - root            - Connessione al database stabilita.
2025-06-20 16:34:29,557 - INFO     - root            - Connessione al database stabilita.
2025-06-20 16:35:11,241 - INFO     - root            - Avvio esportazione in formato STM per la data: 2025-06-20
2025-06-20 16:35:11,241 - INFO     - root            - Connessione al database stabilita.
2025-06-20 16:35:11,249 - WARNING  - root            - Nessuna verifica trovata per la data 2025-06-20.
2025-06-20 16:36:09,046 - INFO     - root            - Connessione al database stabilita.
2025-06-20 16:36:09,046 - INFO     - root            - Connessione al database stabilita.
2025-06-20 16:36:09,056 - INFO     - root            - Connessione al database stabilita.
2025-06-20 16:36:13,091 - INFO     - root            - Connessione al database stabilita.
2025-06-20 16:36:23,836 - INFO     - root            - Connessione al database stabilita.
2025-06-20 16:36:23,836 - INFO     - root            - Connessione al database stabilita.
2025-06-20 16:42:57,683 - INFO     - root            - Sistema di logging configurato.
2025-06-20 16:42:57,683 - INFO     - root            - =====================================
2025-06-20 16:42:57,684 - INFO     - root            - ||   Avvio Safety Test Manager     ||
2025-06-20 16:42:57,685 - INFO     - root            - =====================================
2025-06-20 16:42:57,688 - INFO     - root            - Backup del database creato con successo: backups\verifiche_backup_2025-06-20_16-42-57.db.bak
2025-06-20 16:42:57,691 - INFO     - root            - Trovati 11 backup. Rimuovendo i 1 più vecchi.
2025-06-20 16:42:57,693 - INFO     - root            - Vecchio backup rimosso: backups\verifiche_backup_2025-06-20_15-25-02.db.bak
2025-06-20 16:42:57,696 - INFO     - root            - Profili caricati con successo dal file: ['Classe 1', 'Classe 2', 'Batteria']
2025-06-20 16:42:57,697 - INFO     - root            - Profili di verifica caricati con successo.
2025-06-20 16:42:58,198 - INFO     - root            - Connessione al database stabilita.
2025-06-20 16:42:58,198 - INFO     - root            - Connessione al database stabilita.
2025-06-20 16:42:58,210 - INFO     - root            - Connessione al database stabilita.
2025-06-20 16:43:01,082 - INFO     - root            - Connessione al database stabilita.
2025-06-20 16:43:06,546 - INFO     - root            - Connessione al database stabilita.
2025-06-20 16:43:06,555 - INFO     - root            - Connessione al database stabilita.
2025-06-20 16:43:22,319 - INFO     - root            - Connessione al database stabilita.
2025-06-20 16:43:22,345 - INFO     - root            - Verifica del 2025-06-20 salvata con successo per il dispositivo ID: 1
2025-06-20 16:43:22,350 - INFO     - root            - Connessione al database stabilita.
2025-06-20 16:45:22,837 - INFO     - root            - Sistema di logging configurato.
2025-06-20 16:45:22,837 - INFO     - root            - =====================================
2025-06-20 16:45:22,837 - INFO     - root            - ||   Avvio Safety Test Manager     ||
2025-06-20 16:45:22,837 - INFO     - root            - =====================================
2025-06-20 16:45:22,837 - INFO     - root            - Backup del database creato con successo: backups\verifiche_backup_2025-06-20_16-45-22.db.bak
2025-06-20 16:45:22,837 - INFO     - root            - Trovati 11 backup. Rimuovendo i 1 più vecchi.
2025-06-20 16:45:22,848 - INFO     - root            - Vecchio backup rimosso: backups\verifiche_backup_2025-06-20_15-30-37.db.bak
2025-06-20 16:45:22,849 - INFO     - root            - Profili caricati con successo dal file: ['Classe 1', 'Classe 2', 'Batteria']
2025-06-20 16:45:22,850 - INFO     - root            - Profili di verifica caricati con successo.
2025-06-20 16:45:23,533 - INFO     - root            - Connessione al database stabilita.
2025-06-20 16:45:23,543 - INFO     - root            - Connessione al database stabilita.
2025-06-20 16:45:23,550 - INFO     - root            - Connessione al database stabilita.
2025-06-20 16:45:25,950 - INFO     - root            - Connessione al database stabilita.
2025-06-20 16:45:31,824 - INFO     - root            - Connessione al database stabilita.
2025-06-20 16:45:31,824 - INFO     - root            - Connessione al database stabilita.
2025-06-20 16:45:42,134 - INFO     - root            - Connessione al database stabilita.
2025-06-20 16:45:42,159 - INFO     - root            - Verifica del 2025-06-20 salvata con successo per il dispositivo ID: 1
2025-06-20 16:45:42,162 - INFO     - root            - Connessione al database stabilita.
2025-06-20 16:45:42,188 - INFO     - root            - Connessione al database stabilita.
2025-06-20 16:45:42,214 - INFO     - root            - Data prossima verifica per dispositivo ID 1 impostata a 2025-12-20
2025-06-20 16:45:48,264 - INFO     - root            - Connessione al database stabilita.
2025-06-20 16:45:48,264 - INFO     - root            - Connessione al database stabilita.
2025-06-20 16:46:44,239 - INFO     - root            - Sistema di logging configurato.
2025-06-20 16:46:44,240 - INFO     - root            - =====================================
2025-06-20 16:46:44,240 - INFO     - root            - ||   Avvio Safety Test Manager     ||
2025-06-20 16:46:44,240 - INFO     - root            - =====================================
2025-06-20 16:46:44,240 - INFO     - root            - Backup del database creato con successo: backups\verifiche_backup_2025-06-20_16-46-44.db.bak
2025-06-20 16:46:44,249 - INFO     - root            - Trovati 11 backup. Rimuovendo i 1 più vecchi.
2025-06-20 16:46:44,252 - INFO     - root            - Vecchio backup rimosso: backups\verifiche_backup_2025-06-20_15-31-08.db.bak
2025-06-20 16:46:44,253 - INFO     - root            - Profili caricati con successo dal file: ['Classe 1', 'Classe 2', 'Batteria']
2025-06-20 16:46:44,253 - INFO     - root            - Profili di verifica caricati con successo.
2025-06-20 16:46:45,065 - INFO     - root            - Connessione al database stabilita.
2025-06-20 16:46:45,074 - INFO     - root            - Connessione al database stabilita.
2025-06-20 16:46:45,078 - INFO     - root            - Connessione al database stabilita.
2025-06-20 16:46:47,202 - INFO     - root            - Connessione al database stabilita.
2025-06-20 16:46:47,947 - INFO     - root            - Connessione al database stabilita.
2025-06-20 16:46:48,618 - INFO     - root            - Connessione al database stabilita.
2025-06-20 16:46:51,785 - INFO     - root            - Connessione al database stabilita.
2025-06-20 16:46:51,790 - INFO     - root            - Connessione al database stabilita.
2025-06-20 16:46:51,791 - INFO     - root            - Connessione al database stabilita.
2025-06-20 16:47:26,131 - INFO     - root            - Connessione al database stabilita.
2025-06-20 16:47:26,131 - INFO     - root            - Connessione al database stabilita.
2025-06-20 16:47:26,141 - INFO     - root            - Connessione al database stabilita.
2025-06-20 16:48:45,635 - INFO     - root            - Connessione al database stabilita.
2025-06-20 16:48:55,653 - INFO     - root            - Connessione al database stabilita.
2025-06-20 16:48:55,655 - INFO     - root            - Connessione al database stabilita.
2025-06-20 16:48:55,657 - INFO     - root            - Connessione al database stabilita.
2025-06-20 16:54:31,459 - INFO     - root            - Sistema di logging configurato.
2025-06-20 16:54:31,462 - INFO     - root            - =====================================
2025-06-20 16:54:31,463 - INFO     - root            - ||   Avvio Safety Test Manager     ||
2025-06-20 16:54:31,465 - INFO     - root            - =====================================
2025-06-20 16:54:31,470 - INFO     - root            - Backup del database creato con successo: backups\verifiche_backup_2025-06-20_16-54-31.db.bak
2025-06-20 16:54:31,472 - INFO     - root            - Trovati 11 backup. Rimuovendo i 1 più vecchi.
2025-06-20 16:54:31,473 - INFO     - root            - Vecchio backup rimosso: backups\verifiche_backup_2025-06-20_15-32-07.db.bak
2025-06-20 16:54:31,473 - INFO     - root            - Profili caricati con successo dal file: ['Classe 1', 'Classe 2', 'Batteria']
2025-06-20 16:54:31,479 - INFO     - root            - Profili di verifica caricati con successo.
2025-06-20 16:54:32,115 - INFO     - root            - Connessione al database stabilita.
2025-06-20 16:54:32,115 - INFO     - root            - Connessione al database stabilita.
2025-06-20 16:54:32,127 - INFO     - root            - Connessione al database stabilita.
2025-06-20 16:54:49,436 - INFO     - root            - Connessione al database stabilita.
2025-06-20 16:54:57,264 - INFO     - root            - Connessione al database stabilita.
2025-06-20 16:54:57,271 - INFO     - root            - Connessione al database stabilita.
2025-06-20 16:58:35,644 - INFO     - root            - Sistema di logging configurato.
2025-06-20 16:58:35,654 - INFO     - root            - =====================================
2025-06-20 16:58:35,654 - INFO     - root            - ||   Avvio Safety Test Manager     ||
2025-06-20 16:58:35,654 - INFO     - root            - =====================================
2025-06-20 16:58:35,654 - INFO     - root            - Backup del database creato con successo: backups\verifiche_backup_2025-06-20_16-58-35.db.bak
2025-06-20 16:58:35,661 - INFO     - root            - Trovati 11 backup. Rimuovendo i 1 più vecchi.
2025-06-20 16:58:35,663 - INFO     - root            - Vecchio backup rimosso: backups\verifiche_backup_2025-06-20_15-32-39.db.bak
2025-06-20 16:58:35,664 - INFO     - root            - Profili caricati con successo dal file: ['Classe 1', 'Classe 2', 'Batteria']
2025-06-20 16:58:35,665 - INFO     - root            - Profili di verifica caricati con successo.
2025-06-20 16:58:35,683 - CRITICAL - root            - Errore critico durante l'avvio: Impossibile caricare i profili.
Traceback (most recent call last):
  File "d:\Desktop\PROGRAMMI\VERIFICHE ELETTRICHE V5\main.py", line 32, in <module>
    window = MainWindow()
             ^^^^^^^^^^^^
  File "d:\Desktop\PROGRAMMI\VERIFICHE ELETTRICHE V5\app\ui\main_window.py", line 28, in __init__
    self.create_menu_bar()
  File "d:\Desktop\PROGRAMMI\VERIFICHE ELETTRICHE V5\app\ui\main_window.py", line 181, in create_menu_bar
    mti_action.triggered.connect(self.set_mti_data)
                                 ^^^^^^^^^^^^^^^^^
AttributeError: 'MainWindow' object has no attribute 'set_mti_data'
2025-06-20 16:59:36,394 - INFO     - root            - Sistema di logging configurato.
2025-06-20 16:59:36,394 - INFO     - root            - =====================================
2025-06-20 16:59:36,395 - INFO     - root            - ||   Avvio Safety Test Manager     ||
2025-06-20 16:59:36,396 - INFO     - root            - =====================================
2025-06-20 16:59:36,399 - INFO     - root            - Backup del database creato con successo: backups\verifiche_backup_2025-06-20_16-59-36.db.bak
2025-06-20 16:59:36,402 - INFO     - root            - Trovati 11 backup. Rimuovendo i 1 più vecchi.
2025-06-20 16:59:36,403 - INFO     - root            - Vecchio backup rimosso: backups\verifiche_backup_2025-06-20_15-56-41.db.bak
2025-06-20 16:59:36,405 - INFO     - root            - Profili caricati con successo dal file: ['Classe 1', 'Classe 2', 'Batteria']
2025-06-20 16:59:36,406 - INFO     - root            - Profili di verifica caricati con successo.
2025-06-20 16:59:36,904 - INFO     - root            - Connessione al database stabilita.
2025-06-20 16:59:36,904 - INFO     - root            - Connessione al database stabilita.
2025-06-20 16:59:36,904 - INFO     - root            - Connessione al database stabilita.
2025-06-20 16:59:41,930 - INFO     - root            - Connessione al database stabilita.
2025-06-20 16:59:47,151 - INFO     - root            - Connessione al database stabilita.
2025-06-20 16:59:52,761 - INFO     - root            - Connessione al database stabilita.
2025-06-20 16:59:56,121 - INFO     - root            - Connessione al database stabilita.
2025-06-20 16:59:56,121 - INFO     - root            - Connessione al database stabilita.
2025-06-20 16:59:56,121 - INFO     - root            - Connessione al database stabilita.
2025-06-20 17:01:28,561 - INFO     - root            - Sistema di logging configurato.
2025-06-20 17:01:28,563 - INFO     - root            - =====================================
2025-06-20 17:01:28,565 - INFO     - root            - ||   Avvio Safety Test Manager     ||
2025-06-20 17:01:28,566 - INFO     - root            - =====================================
2025-06-20 17:01:28,570 - INFO     - root            - Backup del database creato con successo: backups\verifiche_backup_2025-06-20_17-01-28.db.bak
2025-06-20 17:01:28,573 - INFO     - root            - Trovati 11 backup. Rimuovendo i 1 più vecchi.
2025-06-20 17:01:28,574 - INFO     - root            - Vecchio backup rimosso: backups\verifiche_backup_2025-06-20_16-24-09.db.bak
2025-06-20 17:01:28,576 - INFO     - root            - Profili caricati con successo dal file: ['Classe 1', 'Classe 2', 'Batteria']
2025-06-20 17:01:28,577 - INFO     - root            - Profili di verifica caricati con successo.
2025-06-20 17:01:29,591 - INFO     - root            - Connessione al database stabilita.
2025-06-20 17:01:29,598 - INFO     - root            - Connessione al database stabilita.
2025-06-20 17:01:29,604 - INFO     - root            - Connessione al database stabilita.
2025-06-20 17:01:32,513 - INFO     - root            - Connessione al database stabilita.
2025-06-20 17:02:03,631 - INFO     - root            - Connessione al database stabilita.
2025-06-20 17:02:03,670 - INFO     - root            - Connessione al database stabilita.
2025-06-20 17:02:10,154 - INFO     - root            - Connessione al database stabilita.
2025-06-20 17:02:10,173 - INFO     - root            - Connessione al database stabilita.
2025-06-20 17:02:15,830 - INFO     - root            - Connessione al database stabilita.
2025-06-20 17:02:24,163 - INFO     - root            - Connessione al database stabilita.
2025-06-20 17:02:26,944 - INFO     - root            - Connessione al database stabilita.
2025-06-20 17:02:26,945 - INFO     - root            - Connessione al database stabilita.
